This is XeTeX, Version 3.14159265-2.6-0.99999 (MiKTeX 2.9.6700 64-bit) (preloaded format=xelatex 2018.6.25)  29 AUG 2018 18:50
entering extended mode
**./Manuscript.tex
(Manuscript.tex
LaTeX2e <2018-04-01> patch level 5

(C:\Users\ariane.mirabel\AppData\Roaming\MiKTeX\2.9\tex\latex\memoir\memoir.cls
Document Class: memoir 2018/04/04 v3.7g configurable book, report, article docu
ment class
\onelineskip=\skip41
\lxvchars=\skip42
\xlvchars=\skip43
\@memcnta=\count80
\c@@memmarkcntra=\count81
("C:\Program Files\MiKTeX 2.9\tex\generic\oberdiek\ifpdf.sty"
Package: ifpdf 2017/03/15 v3.2 Provides the ifpdf switch
)
(C:\Users\ariane.mirabel\AppData\Roaming\MiKTeX\2.9\tex\latex\ifetex\ifetex.sty
Package: ifetex 2018/03/31 v1.2a ifetex

(C:\Users\ariane.mirabel\AppData\Roaming\MiKTeX\2.9\tex\plain\ifetex\ifetex.tex
)) ("C:\Program Files\MiKTeX 2.9\tex\generic\ifxetex\ifxetex.sty"
Package: ifxetex 2010/09/12 v0.6 Provides ifxetex conditional
) ("C:\Program Files\MiKTeX 2.9\tex\generic\oberdiek\ifluatex.sty"
Package: ifluatex 2016/05/16 v1.4 Provides the ifluatex switch (HO)
Package ifluatex Info: LuaTeX not detected.
)
\stockheight=\skip44
\stockwidth=\skip45
\trimtop=\skip46
\trimedge=\skip47
LaTeX Font Info:    Try loading font information for T1+lmr on input line 661.
("C:\Program Files\MiKTeX 2.9\tex\latex\lm\t1lmr.fd"
File: t1lmr.fd 2009/10/30 v1.6 Font defs for Latin Modern
) (C:\Users\ariane.mirabel\AppData\Roaming\MiKTeX\2.9\tex\latex\memoir\mem11.cl
o
File: mem11.clo 2008/01/30 v0.3 memoir class 11pt size option
) ("C:\Program Files\MiKTeX 2.9\tex\latex\lm\lmodern.sty"
Package: lmodern 2009/10/30 v1.6 Latin Modern Fonts
LaTeX Font Info:    Overwriting symbol font `operators' in version `normal'
(Font)                  OT1/cmr/m/n --> OT1/lmr/m/n on input line 22.
LaTeX Font Info:    Overwriting symbol font `letters' in version `normal'
(Font)                  OML/cmm/m/it --> OML/lmm/m/it on input line 23.
LaTeX Font Info:    Overwriting symbol font `symbols' in version `normal'
(Font)                  OMS/cmsy/m/n --> OMS/lmsy/m/n on input line 24.
LaTeX Font Info:    Overwriting symbol font `largesymbols' in version `normal'
(Font)                  OMX/cmex/m/n --> OMX/lmex/m/n on input line 25.
LaTeX Font Info:    Overwriting symbol font `operators' in version `bold'
(Font)                  OT1/cmr/bx/n --> OT1/lmr/bx/n on input line 26.
LaTeX Font Info:    Overwriting symbol font `letters' in version `bold'
(Font)                  OML/cmm/b/it --> OML/lmm/b/it on input line 27.
LaTeX Font Info:    Overwriting symbol font `symbols' in version `bold'
(Font)                  OMS/cmsy/b/n --> OMS/lmsy/b/n on input line 28.
LaTeX Font Info:    Overwriting symbol font `largesymbols' in version `bold'
(Font)                  OMX/cmex/m/n --> OMX/lmex/m/n on input line 29.
LaTeX Font Info:    Overwriting math alphabet `\mathbf' in version `normal'
(Font)                  OT1/cmr/bx/n --> OT1/lmr/bx/n on input line 31.
LaTeX Font Info:    Overwriting math alphabet `\mathsf' in version `normal'
(Font)                  OT1/cmss/m/n --> OT1/lmss/m/n on input line 32.
LaTeX Font Info:    Overwriting math alphabet `\mathit' in version `normal'
(Font)                  OT1/cmr/m/it --> OT1/lmr/m/it on input line 33.
LaTeX Font Info:    Overwriting math alphabet `\mathtt' in version `normal'
(Font)                  OT1/cmtt/m/n --> OT1/lmtt/m/n on input line 34.
LaTeX Font Info:    Overwriting math alphabet `\mathbf' in version `bold'
(Font)                  OT1/cmr/bx/n --> OT1/lmr/bx/n on input line 35.
LaTeX Font Info:    Overwriting math alphabet `\mathsf' in version `bold'
(Font)                  OT1/cmss/bx/n --> OT1/lmss/bx/n on input line 36.
LaTeX Font Info:    Overwriting math alphabet `\mathit' in version `bold'
(Font)                  OT1/cmr/bx/it --> OT1/lmr/bx/it on input line 37.
LaTeX Font Info:    Overwriting math alphabet `\mathtt' in version `bold'
(Font)                  OT1/cmtt/m/n --> OT1/lmtt/m/n on input line 38.
) ("C:\Program Files\MiKTeX 2.9\tex\latex\base\fontenc.sty"
Package: fontenc 2017/04/05 v2.0i Standard LaTeX package
("C:\Program Files\MiKTeX 2.9\tex\latex\base\t1enc.def"
File: t1enc.def 2017/04/05 v2.0i Standard LaTeX file
LaTeX Font Info:    Redeclaring font encoding T1 on input line 48.
))
\binding=\skip48
\spinemargin=\skip49
\foremargin=\skip50
\uppermargin=\skip51
\lowermargin=\skip52
\headdrop=\skip53
\normalrulethickness=\skip54
\mem@maxheadheight=\skip55
\mem@maxfootheight=\skip56
\headwidth=\skip57
\c@storedpagenumber=\count82
\memPD=\dimen102
\m@mabparskip=\skip58
\thanksmarkwidth=\skip59
\thanksmarksep=\skip60
\droptitle=\skip61
\c@book=\count83
\c@part=\count84
\c@chapter=\count85
\c@section=\count86
\c@subsection=\count87
\c@subsubsection=\count88
\c@paragraph=\count89
\c@subparagraph=\count90
\beforechapskip=\skip62
\midchapskip=\skip63
\afterchapskip=\skip64
\chapindent=\skip65
\bottomsectionskip=\skip66
\secindent=\skip67
\beforesecskip=\skip68
\aftersecskip=\skip69
\subsecindent=\skip70
\beforesubsecskip=\skip71
\aftersubsecskip=\skip72
\subsubsecindent=\skip73
\beforesubsubsecskip=\skip74
\aftersubsubsecskip=\skip75
\paraindent=\skip76
\beforeparaskip=\skip77
\afterparaskip=\skip78
\subparaindent=\skip79
\beforesubparaskip=\skip80
\aftersubparaskip=\skip81
\pfbreakskip=\skip82
\c@@ppsavesec=\count91
\c@@ppsaveapp=\count92
\ragrparindent=\dimen103
\everylistparindent=\dimen104
\parsepi=\skip83
\topsepi=\skip84
\itemsepi=\skip85
\parsepii=\skip86
\topsepii=\skip87
\topsepiii=\skip88
\itemsepii=\skip89
\itemsepiii=\skip90
\partopsepii=\skip91
\partopsepiii=\skip92
\m@msavetopsep=\skip93
\m@msavepartopsep=\skip94
\@enLab=\toks14
\abstitleskip=\skip95
\absleftindent=\skip96
\abs@leftindent=\dimen105
\absrightindent=\skip97
\absparindent=\skip98
\absparsep=\skip99
\c@vslineno=\count93
\c@poemline=\count94
\c@modulo@vs=\count95
\c@memfvsline=\count96
\vleftskip=\skip100
\vrightskip=\skip101
\stanzaskip=\skip102
\versewidth=\skip103
\vgap=\skip104
\vindent=\skip105
\vleftmargin=\dimen106
\c@verse=\count97
\c@chrsinstr=\count98
\beforepoemtitleskip=\skip106
\afterpoemtitleskip=\skip107
\c@poem=\count99
\beforePoemTitleskip=\skip108
\midPoemTitleskip=\skip109
\afterPoemTitleskip=\skip110
\col@sep=\dimen107
\extrarowheight=\dimen108
\NC@list=\toks15
\extratabsurround=\skip111
\backup@length=\skip112
\TX@col@width=\dimen109
\TX@old@table=\dimen110
\TX@old@col=\dimen111
\TX@target=\dimen112
\TX@delta=\dimen113
\TX@cols=\count100
\TX@ftn=\toks16
\heavyrulewidth=\dimen114
\lightrulewidth=\dimen115
\cmidrulewidth=\dimen116
\belowrulesep=\dimen117
\belowbottomsep=\dimen118
\aboverulesep=\dimen119
\abovetopsep=\dimen120
\cmidrulesep=\dimen121
\cmidrulekern=\dimen122
\defaultaddspace=\dimen123
\@cmidla=\count101
\@cmidlb=\count102
\@aboverulesep=\dimen124
\@belowrulesep=\dimen125
\@thisruleclass=\count103
\@lastruleclass=\count104
\@thisrulewidth=\dimen126
\ctableftskip=\skip113
\ctabrightskip=\skip114
\abovecolumnspenalty=\count105
\@linestogo=\count106
\@cellstogo=\count107
\@cellsincolumn=\count108
\crtok=\toks17
\@mincolumnwidth=\dimen127
\c@newflo@tctr=\count109
\mem@margin@floatbox=\box26
\@contcwidth=\skip115
\@contindw=\skip116
\abovecaptionskip=\skip117
\belowcaptionskip=\skip118
\subfloattopskip=\skip119
\subfloatcapskip=\skip120
\subfloatcaptopadj=\skip121
\subfloatbottomskip=\skip122
\subfloatlabelskip=\skip123
\subfloatcapmargin=\dimen128
\c@@contsubnum=\count110
\m@mscap@capbox=\box27
\m@mscap@fbox=\box28
\sidecapsep=\dimen129
\sidecapwidth=\dimen130
\m@m@tempdima=\dimen131
\m@mscapraise=\dimen132
\sidecapraise=\dimen133
\m@mscapmainwidth=\dimen134
\m@mscaplkern=\dimen135
\beforeepigraphskip=\skip124
\afterepigraphskip=\skip125
\epigraphwidth=\skip126
\epigraphrule=\skip127
LaTeX Info: Redefining \em on input line 7578.
LaTeX Info: Redefining \emph on input line 7586.
\tocentryskip=\skip128
\tocbaseline=\skip129
\cftparskip=\skip130
\cftbeforebookskip=\skip131
\cftbookindent=\dimen136
\cftbooknumwidth=\dimen137
\cftbeforepartskip=\skip132
\cftpartindent=\skip133
\cftpartnumwidth=\skip134
\cftbeforechapterskip=\skip135
\cftchapterindent=\skip136
\cftchapternumwidth=\skip137
\cftbeforesectionskip=\skip138
\cftsectionindent=\skip139
\cftsectionnumwidth=\skip140
\cftbeforesubsectionskip=\skip141
\cftsubsectionindent=\skip142
\cftsubsectionnumwidth=\skip143
\cftbeforesubsubsectionskip=\skip144
\cftsubsubsectionindent=\skip145
\cftsubsubsectionnumwidth=\skip146
\cftbeforeparagraphskip=\skip147
\cftparagraphindent=\skip148
\cftparagraphnumwidth=\skip149
\cftbeforesubparagraphskip=\skip150
\cftsubparagraphindent=\skip151
\cftsubparagraphnumwidth=\skip152
\prechapterprecisshift=\dimen138
\c@maxsecnumdepth=\count111
\bibindent=\dimen139
\bibitemsep=\skip153
\indexcolsep=\skip154
\indexrule=\skip155
\indexmarkstyle=\toks18
\@indexbox=\insert199
\glossarycolsep=\dimen140
\glossaryrule=\dimen141
\sideparvshift=\skip156
\sideins=\insert198
\sidebartopsep=\skip157
\sidebarhsep=\skip158
\sidebarvsep=\skip159
\sidebarwidth=\skip160
\footmarkwidth=\skip161
\footmarksep=\skip162
\footparindent=\skip163
\footinsdim=\skip164
\footinsv@r=\insert197
\@mpfootinsv@r=\insert196
\m@m@k=\count112
\m@m@h=\dimen142
\m@mipn@skip=\skip165
\sidefootins=\insert195
\sidefootadjust=\skip166
\sidefootheight=\skip167
\sidefoothsep=\skip168
\sidefootvsep=\skip169
\sidefootwidth=\skip170
\m@mdownsf=\skip171
\c@sidefootnote=\count113
\sidefootmarkwidth=\skip172
\sidefootmarksep=\skip173
\sidefootparindent=\skip174
\c@pagenote=\count114
\c@pagenoteshadow=\count115
\mem@pn@lastkern=\skip175
\every@verbatim=\toks19
\afterevery@verbatim=\toks20
\verbatim@line=\toks21
\tab@position=\count116
\verbatim@in@stream=\read1
\verbatimindent=\skip176
\verbatim@out=\write3
\bvboxsep=\skip177
\c@memfbvline=\count117
\c@bvlinectr=\count118
\bvnumlength=\skip178
\fb@frw=\dimen143
\fb@frh=\dimen144
\FrameRule=\dimen145
\FrameSep=\dimen146
\c@cp@cntr=\count119
LaTeX Info: Redefining \: on input line 12100.
LaTeX Info: Redefining \! on input line 12102.
\c@ism@mctr=\count120
\c@xsm@mctr=\count121
\c@csm@mctr=\count122
\c@ksm@mctr=\count123
\c@xksm@mctr=\count124
\c@cksm@mctr=\count125
\c@msm@mctr=\count126
\c@xmsm@mctr=\count127
\c@cmsm@mctr=\count128
\c@bsm@mctr=\count129
\c@workm@mctr=\count130
\c@sheetsequence=\count131
\c@lastsheet=\count132
\c@lastpage=\count133
\c@figure=\count134
\c@lofdepth=\count135
\cftbeforefigureskip=\skip179
\cftfigureindent=\skip180
\cftfigurenumwidth=\skip181
\c@table=\count136
\c@lotdepth=\count137
\cftbeforetableskip=\skip182
\cfttableindent=\skip183
\cfttablenumwidth=\skip184
Package abstract [2008/07/23] emulated by memoir.
Package appendix [2008/07/23] emulated by memoir.
Package array [2016/10/06] emulated by memoir.
Package booktabs [2016/05/16] emulated by memoir.
Package ccaption [2008/07/23] emulated by memoir.
Package changepage [2008/07/23] emulated by memoir.
Package chngcntr [2008/07/23] emulated by memoir.
Package chngpage [2008/07/23] emulated by memoir.
Package crop emulated by memoir.
Package dcolumn [2008/07/23] emulated by memoir.
Package delarray [2014/10/28] emulated by memoir.
Package enumerate [2008/07/23] emulated by memoir.
Package epigraph [2008/07/23] emulated by memoir.
Package ifmtarg [2008/07/23] emulated by memoir.
Package index [2008/07/23] emulated by memoir.
Package makeidx [2008/07/23] emulated by memoir.
Package moreverb [2008/07/23] emulated by memoir.
Package mparhack [2008/07/23] emulated by memoir.
Package needspace [2008/07/23] emulated by memoir.
Package newfile [2008/07/23] emulated by memoir.
Package nextpage [2008/07/23] emulated by memoir.
Package pagenote [2008/07/23] emulated by memoir.
Package parskip [2008/07/23] emulated by memoir.
Package patchcmd [2008/07/23] emulated by memoir.
Package setspace [2008/07/23] emulated by memoir.
Package shortvrb [2008/07/23] emulated by memoir.
Package showidx [2008/07/23] emulated by memoir.
Package tabularx [2016/02/03] emulated by memoir.
Package titleref [2008/07/23] emulated by memoir.
Package titling [2008/07/23] emulated by memoir.
Package tocbibind [2008/07/23] emulated by memoir.
Package tocloft [2008/07/23] emulated by memoir.
Package tocvsec2 [2008/07/23] emulated by memoir.
Package verbatim [2008/07/23] emulated by memoir.
Package verse [2008/07/23] emulated by memoir.
) ("C:\Program Files\MiKTeX 2.9\tex\latex\amsfonts\amssymb.sty"
Package: amssymb 2013/01/14 v3.01 AMS font symbols
("C:\Program Files\MiKTeX 2.9\tex\latex\amsfonts\amsfonts.sty"
Package: amsfonts 2013/01/14 v3.01 Basic AMSFonts support
\@emptytoks=\toks22
\symAMSa=\mathgroup4
\symAMSb=\mathgroup5
LaTeX Font Info:    Overwriting math alphabet `\mathfrak' in version `bold'
(Font)                  U/euf/m/n --> U/euf/b/n on input line 106.
)) ("C:\Program Files\MiKTeX 2.9\tex\latex\amsmath\amsmath.sty"
Package: amsmath 2017/09/02 v2.17a AMS math features
\@mathmargin=\skip185
For additional information on amsmath, use the `?' option.
("C:\Program Files\MiKTeX 2.9\tex\latex\amsmath\amstext.sty"
Package: amstext 2000/06/29 v2.01 AMS text
("C:\Program Files\MiKTeX 2.9\tex\latex\amsmath\amsgen.sty"
File: amsgen.sty 1999/11/30 v2.0 generic functions
\@emptytoks=\toks23
\ex@=\dimen147
)) ("C:\Program Files\MiKTeX 2.9\tex\latex\amsmath\amsbsy.sty"
Package: amsbsy 1999/11/29 v1.2d Bold Symbols
\pmbraise@=\dimen148
) ("C:\Program Files\MiKTeX 2.9\tex\latex\amsmath\amsopn.sty"
Package: amsopn 2016/03/08 v2.02 operator names
)
\inf@bad=\count138
LaTeX Info: Redefining \frac on input line 213.
\uproot@=\count139
\leftroot@=\count140
LaTeX Info: Redefining \overline on input line 375.
\classnum@=\count141
\DOTSCASE@=\count142
LaTeX Info: Redefining \ldots on input line 472.
LaTeX Info: Redefining \dots on input line 475.
LaTeX Info: Redefining \cdots on input line 596.
\Mathstrutbox@=\box29
\strutbox@=\box30
\big@size=\dimen149
LaTeX Font Info:    Redeclaring font encoding OML on input line 712.
LaTeX Font Info:    Redeclaring font encoding OMS on input line 713.
\macc@depth=\count143
\c@MaxMatrixCols=\count144
\dotsspace@=\muskip10
\c@parentequation=\count145
\dspbrk@lvl=\count146
\tag@help=\toks24
\row@=\count147
\column@=\count148
\maxfields@=\count149
\andhelp@=\toks25
\eqnshift@=\dimen150
\alignsep@=\dimen151
\tagshift@=\dimen152
\tagwidth@=\dimen153
\totwidth@=\dimen154
\lineht@=\dimen155
\@envbody=\toks26
\multlinegap=\skip186
\multlinetaggap=\skip187
\mathdisplay@stack=\toks27
LaTeX Info: Redefining \[ on input line 2817.
LaTeX Info: Redefining \] on input line 2818.
) ("C:\Program Files\MiKTeX 2.9\tex\latex\base\fixltx2e.sty"
Package: fixltx2e 2016/12/29 v2.1a fixes to LaTeX (obsolete)
Applying: [2015/01/01] Old fixltx2e package on input line 46.

Package fixltx2e Warning: fixltx2e is not required with releases after 2015
(fixltx2e)                All fixes are now in the LaTeX kernel.
(fixltx2e)                See the latexrelease package for details.

Already applied: [0000/00/00] Old fixltx2e package on input line 53.
)
(C:\Users\ariane.mirabel\AppData\Roaming\MiKTeX\2.9\tex\latex\unicode-math\unic
ode-math.sty
(C:\Users\ariane.mirabel\AppData\Roaming\MiKTeX\2.9\tex\latex\l3kernel\expl3.st
y
Package: expl3 2018-06-14 L3 programming layer (loader) 

(C:\Users\ariane.mirabel\AppData\Roaming\MiKTeX\2.9\tex\latex\l3kernel\expl3-co
de.tex
Package: expl3 2018-06-14 L3 programming layer (code)
\c_max_int=\count150
\l_tmpa_int=\count151
\l_tmpb_int=\count152
\g_tmpa_int=\count153
\g_tmpb_int=\count154
\g__kernel_prg_map_int=\count155
\c_log_iow=\count156
\l_iow_line_count_int=\count157
\l__iow_line_target_int=\count158
\l__iow_one_indent_int=\count159
\l__iow_indent_int=\count160
\c_zero_dim=\dimen156
\c_max_dim=\dimen157
\l_tmpa_dim=\dimen158
\l_tmpb_dim=\dimen159
\g_tmpa_dim=\dimen160
\g_tmpb_dim=\dimen161
\c_zero_skip=\skip188
\c_max_skip=\skip189
\l_tmpa_skip=\skip190
\l_tmpb_skip=\skip191
\g_tmpa_skip=\skip192
\g_tmpb_skip=\skip193
\c_zero_muskip=\muskip11
\c_max_muskip=\muskip12
\l_tmpa_muskip=\muskip13
\l_tmpb_muskip=\muskip14
\g_tmpa_muskip=\muskip15
\g_tmpb_muskip=\muskip16
\l_keys_choice_int=\count161
\l__intarray_loop_int=\count162
\c__intarray_sp_dim=\dimen162
\g__intarray_font_int=\count163
\c__fp_leading_shift_int=\count164
\c__fp_middle_shift_int=\count165
\c__fp_trailing_shift_int=\count166
\c__fp_big_leading_shift_int=\count167
\c__fp_big_middle_shift_int=\count168
\c__fp_big_trailing_shift_int=\count169
\c__fp_Bigg_leading_shift_int=\count170
\c__fp_Bigg_middle_shift_int=\count171
\c__fp_Bigg_trailing_shift_int=\count172
\g__fp_array_int=\count173
\l__fp_array_loop_int=\count174
\l__sort_length_int=\count175
\l__sort_min_int=\count176
\l__sort_top_int=\count177
\l__sort_max_int=\count178
\l__sort_true_max_int=\count179
\l__sort_block_int=\count180
\l__sort_begin_int=\count181
\l__sort_end_int=\count182
\l__sort_A_int=\count183
\l__sort_B_int=\count184
\l__sort_C_int=\count185
\l__tl_analysis_normal_int=\count186
\l__tl_analysis_index_int=\count187
\l__tl_analysis_nesting_int=\count188
\l__tl_analysis_type_int=\count189
\l__regex_internal_a_int=\count190
\l__regex_internal_b_int=\count191
\l__regex_internal_c_int=\count192
\l__regex_balance_int=\count193
\l__regex_group_level_int=\count194
\l__regex_mode_int=\count266
\c__regex_cs_in_class_mode_int=\count267
\c__regex_cs_mode_int=\count268
\l__regex_catcodes_int=\count269
\l__regex_default_catcodes_int=\count270
\c__regex_catcode_L_int=\count271
\c__regex_catcode_O_int=\count272
\c__regex_catcode_A_int=\count273
\c__regex_all_catcodes_int=\count274
\l__regex_show_lines_int=\count275
\l__regex_min_state_int=\count276
\l__regex_max_state_int=\count277
\l__regex_left_state_int=\count278
\l__regex_right_state_int=\count279
\l__regex_capturing_group_int=\count280
\l__regex_min_pos_int=\count281
\l__regex_max_pos_int=\count282
\l__regex_curr_pos_int=\count283
\l__regex_start_pos_int=\count284
\l__regex_success_pos_int=\count285
\l__regex_curr_char_int=\count286
\l__regex_curr_catcode_int=\count287
\l__regex_last_char_int=\count288
\l__regex_case_changed_char_int=\count289
\l__regex_curr_state_int=\count290
\l__regex_step_int=\count291
\l__regex_min_active_int=\count292
\l__regex_max_active_int=\count293
\l__regex_replacement_csnames_int=\count294
\l__regex_match_count_int=\count295
\l__regex_min_submatch_int=\count296
\l__regex_submatch_int=\count297
\l__regex_zeroth_submatch_int=\count298
\g__regex_trace_regex_int=\count299
\c_empty_box=\box31
\l_tmpa_box=\box32
\l_tmpb_box=\box33
\g_tmpa_box=\box34
\g_tmpb_box=\box35
\l__box_top_dim=\dimen163
\l__box_bottom_dim=\dimen164
\l__box_left_dim=\dimen165
\l__box_right_dim=\dimen166
\l__box_top_new_dim=\dimen167
\l__box_bottom_new_dim=\dimen168
\l__box_left_new_dim=\dimen169
\l__box_right_new_dim=\dimen170
\l__box_internal_box=\box36
\l__coffin_internal_box=\box37
\l__coffin_internal_dim=\dimen171
\l__coffin_offset_x_dim=\dimen172
\l__coffin_offset_y_dim=\dimen173
\l__coffin_x_dim=\dimen174
\l__coffin_y_dim=\dimen175
\l__coffin_x_prime_dim=\dimen176
\l__coffin_y_prime_dim=\dimen177
\c_empty_coffin=\box38
\l__coffin_aligned_coffin=\box39
\l__coffin_aligned_internal_coffin=\box40
\l_tmpa_coffin=\box41
\l_tmpb_coffin=\box42
\l__coffin_display_coffin=\box43
\l__coffin_display_coord_coffin=\box44
\l__coffin_display_pole_coffin=\box45
\l__coffin_display_offset_dim=\dimen178
\l__coffin_display_x_dim=\dimen179
\l__coffin_display_y_dim=\dimen180
\g__file_internal_ior=\read2
\l__coffin_bounding_shift_dim=\dimen181
\l__coffin_left_corner_dim=\dimen182
\l__coffin_right_corner_dim=\dimen183
\l__coffin_bottom_corner_dim=\dimen184
\l__coffin_top_corner_dim=\dimen185
\l__coffin_scaled_total_height_dim=\dimen186
\l__coffin_scaled_width_dim=\dimen187
)
(C:\Users\ariane.mirabel\AppData\Roaming\MiKTeX\2.9\tex\latex\l3kernel\l3xdvipd
fmx.def
File: l3xdvidpfmx.def 2018-06-14 v L3 Experimental driver: xdvipdfmx
\g__driver_image_int=\count300
))
Package: unicode-math 2018/02/02 vv0.8l Unicode maths in XeLaTeX and LuaLaTeX

(C:\Users\ariane.mirabel\AppData\Roaming\MiKTeX\2.9\tex\latex\unicode-math\unic
ode-math-xetex.sty
Package: unicode-math-xetex 2018/02/02 vv0.8l Unicode maths in XeLaTeX and LuaL
aTeX

(C:\Users\ariane.mirabel\AppData\Roaming\MiKTeX\2.9\tex\latex\l3packages\xparse
\xparse.sty
Package: xparse 2018-05-12 L3 Experimental document command parser
\l__xparse_current_arg_int=\count301
\g__xparse_grabber_int=\count302
\l__xparse_m_args_int=\count303
\l__xparse_mandatory_args_int=\count304
\l__xparse_v_nesting_int=\count305
)
(C:\Users\ariane.mirabel\AppData\Roaming\MiKTeX\2.9\tex\latex\l3packages\l3keys
2e\l3keys2e.sty
Package: l3keys2e 2018-05-12 LaTeX2e option processing using LaTeX3 keys
) ("C:\Program Files\MiKTeX 2.9\tex\latex\fontspec\fontspec.sty"
Package: fontspec 2017/11/09 v2.6g Font selection for XeLaTeX and LuaLaTeX
("C:\Program Files\MiKTeX 2.9\tex\latex\fontspec\fontspec-xetex.sty"
Package: fontspec-xetex 2017/11/09 v2.6g Font selection for XeLaTeX and LuaLaTe
X
\l__fontspec_script_int=\count306
\l__fontspec_language_int=\count307
\l__fontspec_strnum_int=\count308
\l__fontspec_tmp_int=\count309
\l__fontspec_em_int=\count310
\l__fontspec_emdef_int=\count311
\l__fontspec_strong_int=\count312
\l__fontspec_strongdef_int=\count313
\l__fontspec_tmpa_dim=\dimen188
\l__fontspec_tmpb_dim=\dimen189
\l__fontspec_tmpc_dim=\dimen190
("C:\Program Files\MiKTeX 2.9\tex\latex\base\fontenc.sty"
Package: fontenc 2017/04/05 v2.0i Standard LaTeX package
("C:\Program Files\MiKTeX 2.9\tex\latex\base\tuenc.def"
File: tuenc.def 2017/04/05 v2.0i Standard LaTeX file
LaTeX Font Info:    Redeclaring font encoding TU on input line 82.
))
.................................................
. LaTeX info: "xparse/define-command"
. 
. Defining command \fontspec with sig. 'O{}mO{}' on line 542.
.................................................
.................................................
. LaTeX info: "xparse/define-command"
. 
. Defining command \setmainfont with sig. 'O{}mO{}' on line 546.
.................................................
.................................................
. LaTeX info: "xparse/define-command"
. 
. Defining command \setsansfont with sig. 'O{}mO{}' on line 550.
.................................................
.................................................
. LaTeX info: "xparse/define-command"
. 
. Defining command \setmonofont with sig. 'O{}mO{}' on line 554.
.................................................
.................................................
. LaTeX info: "xparse/define-command"
. 
. Defining command \setmathrm with sig. 'O{}mO{}' on line 558.
.................................................
.................................................
. LaTeX info: "xparse/define-command"
. 
. Defining command \setboldmathrm with sig. 'O{}mO{}' on line 562.
.................................................
.................................................
. LaTeX info: "xparse/define-command"
. 
. Defining command \setmathsf with sig. 'O{}mO{}' on line 566.
.................................................
.................................................
. LaTeX info: "xparse/define-command"
. 
. Defining command \setmathtt with sig. 'O{}mO{}' on line 570.
.................................................
.................................................
. LaTeX info: "xparse/define-command"
. 
. Defining command \setromanfont with sig. 'O{}mO{}' on line 574.
.................................................
.................................................
. LaTeX info: "xparse/define-command"
. 
. Defining command \newfontfamily with sig. 'mO{}mO{}' on line 578.
.................................................
.................................................
. LaTeX info: "xparse/define-command"
. 
. Defining command \newfontface with sig. 'mO{}mO{}' on line 582.
.................................................
.................................................
. LaTeX info: "xparse/define-command"
. 
. Defining command \defaultfontfeatures with sig. 't+om' on line 586.
.................................................
.................................................
. LaTeX info: "xparse/define-command"
. 
. Defining command \addfontfeatures with sig. 'm' on line 590.
.................................................
.................................................
. LaTeX info: "xparse/define-command"
. 
. Defining command \addfontfeature with sig. 'm' on line 594.
.................................................
.................................................
. LaTeX info: "xparse/define-command"
. 
. Defining command \newfontfeature with sig. 'mm' on line 598.
.................................................
.................................................
. LaTeX info: "xparse/define-command"
. 
. Defining command \newAATfeature with sig. 'mmmm' on line 602.
.................................................
.................................................
. LaTeX info: "xparse/define-command"
. 
. Defining command \newopentypefeature with sig. 'mmm' on line 606.
.................................................
.................................................
. LaTeX info: "xparse/define-command"
. 
. Defining command \newICUfeature with sig. 'mmm' on line 610.
.................................................
.................................................
. LaTeX info: "xparse/define-command"
. 
. Defining command \aliasfontfeature with sig. 'mm' on line 614.
.................................................
.................................................
. LaTeX info: "xparse/define-command"
. 
. Defining command \aliasfontfeatureoption with sig. 'mmm' on line 618.
.................................................
.................................................
. LaTeX info: "xparse/define-command"
. 
. Defining command \newfontscript with sig. 'mm' on line 622.
.................................................
.................................................
. LaTeX info: "xparse/define-command"
. 
. Defining command \newfontlanguage with sig. 'mm' on line 626.
.................................................
.................................................
. LaTeX info: "xparse/define-command"
. 
. Defining command \DeclareFontsExtensions with sig. 'm' on line 630.
.................................................
.................................................
. LaTeX info: "xparse/define-command"
. 
. Defining command \IfFontFeatureActiveTF with sig. 'mmm' on line 634.
.................................................
.................................................
. LaTeX info: "xparse/define-command"
. 
. Defining command \EncodingCommand with sig. 'mO{}m' on line 3632.
.................................................
.................................................
. LaTeX info: "xparse/define-command"
. 
. Defining command \EncodingAccent with sig. 'mm' on line 3638.
.................................................
.................................................
. LaTeX info: "xparse/define-command"
. 
. Defining command \EncodingSymbol with sig. 'mm' on line 3644.
.................................................
.................................................
. LaTeX info: "xparse/define-command"
. 
. Defining command \EncodingComposite with sig. 'mmm' on line 3650.
.................................................
.................................................
. LaTeX info: "xparse/define-command"
. 
. Defining command \EncodingCompositeCommand with sig. 'mmm' on line 3656.
.................................................
.................................................
. LaTeX info: "xparse/define-command"
. 
. Defining command \DeclareUnicodeEncoding with sig. 'mm' on line 3681.
.................................................
.................................................
. LaTeX info: "xparse/define-command"
. 
. Defining command \UndeclareSymbol with sig. 'm' on line 3687.
.................................................
.................................................
. LaTeX info: "xparse/define-command"
. 
. Defining command \UndeclareAccent with sig. 'm' on line 3693.
.................................................
.................................................
. LaTeX info: "xparse/define-command"
. 
. Defining command \UndeclareCommand with sig. 'm' on line 3699.
.................................................
.................................................
. LaTeX info: "xparse/define-command"
. 
. Defining command \UndeclareComposite with sig. 'mm' on line 3706.
.................................................
("C:\Program Files\MiKTeX 2.9\tex\latex\fontspec\fontspec.cfg")
LaTeX Info: Redefining \itshape on input line 3891.
LaTeX Info: Redefining \slshape on input line 3896.
LaTeX Info: Redefining \scshape on input line 3901.
LaTeX Info: Redefining \upshape on input line 3906.
LaTeX Info: Redefining \em on input line 3936.
LaTeX Info: Redefining \emph on input line 3961.
LaTeX Info: Redefining \- on input line 4015.
.................................................
. LaTeX info: "xparse/redefine-command"
. 
. Redefining command \oldstylenums with sig. 'm' on line 4110.
.................................................
.................................................
. LaTeX info: "xparse/define-command"
. 
. Defining command \liningnums with sig. 'm' on line 4114.
.................................................
))
(C:\Users\ariane.mirabel\AppData\Roaming\MiKTeX\2.9\tex\latex\filehook\filehook
.sty
Package: filehook 2011/10/12 v0.5d Hooks for input files

(C:\Users\ariane.mirabel\AppData\Roaming\MiKTeX\2.9\tex\latex\filehook\filehook
-memoir.sty
Package: filehook-memoir 2011/01/03 v0.1 filehook patch for memoir class
Package filehook Info: Detected 'memoir' class: the memoir hooks will be moved 
to the `At...OfFiles' hooks on input line 43.
)) ("C:\Program Files\MiKTeX 2.9\tex\latex\base\fix-cm.sty"
Package: fix-cm 2015/01/14 v1.1t fixes to LaTeX
("C:\Program Files\MiKTeX 2.9\tex\latex\base\ts1enc.def"
File: ts1enc.def 2001/06/05 v3.0e (jk/car/fm) Standard LaTeX file
))
\g__um_fam_int=\count314
\g__um_fonts_used_int=\count315
\l__um_primecount_int=\count316
\g__um_primekern_muskip=\muskip17
.................................................
. LaTeX info: "xparse/define-command"
. 
. Defining command \unimathsetup with sig. 'm' on line 269.
.................................................
.................................................
. LaTeX info: "xparse/define-command"
. 
. Defining command \setmathfont with sig. 'O{}mO{}' on line 273.
.................................................
.................................................
. LaTeX info: "xparse/define-command"
. 
. Defining command \setmathfontface with sig. 'mO{}mO{}' on line 277.
.................................................
.................................................
. LaTeX info: "xparse/define-command"
. 
. Defining command \setoperatorfont with sig. 'm' on line 282.
.................................................
.................................................
. LaTeX info: "xparse/define-command"
. 
. Defining command \addnolimits with sig. 'm' on line 287.
.................................................
.................................................
. LaTeX info: "xparse/define-command"
. 
. Defining command \removenolimits with sig. 'm' on line 291.
.................................................

(C:\Users\ariane.mirabel\AppData\Roaming\MiKTeX\2.9\tex\latex\unicode-math\unic
ode-math-table.tex)
.................................................
. unicode-math info: "patch-macro"
. 
. I'm going to patch macro \subarray.
.................................................
.................................................
. unicode-math info: "patch-macro"
. 
. I'm going to patch macro \r@@t.
.................................................
.................................................
. LaTeX info: "xparse/redefine-command"
. 
. Redefining command \not with sig. 'm' on line 3835.
.................................................
.................................................
. LaTeX info: "xparse/define-command"
. 
. Defining command \NewNegationCommand with sig. 'mm' on line 3839.
.................................................
.................................................
. LaTeX info: "xparse/define-command"
. 
. Defining command \RenewNegationCommand with sig. 'mm' on line 3843.
.................................................
))
(C:\Users\ariane.mirabel\AppData\Roaming\MiKTeX\2.9\tex\latex\upquote\upquote.s
ty
Package: upquote 2012/04/19 v1.3 upright-quote and grave-accent glyphs in verba
tim
("C:\Program Files\MiKTeX 2.9\tex\latex\base\textcomp.sty"
Package: textcomp 2017/04/05 v2.0i Standard LaTeX package
Package textcomp Info: Sub-encoding information:
(textcomp)               5 = only ISO-Adobe without \textcurrency
(textcomp)               4 = 5 + \texteuro
(textcomp)               3 = 4 + \textohm
(textcomp)               2 = 3 + \textestimated + \textcurrency
(textcomp)               1 = TS1 - \textcircled - \t
(textcomp)               0 = TS1 (full)
(textcomp)             Font families with sub-encoding setting implement
(textcomp)             only a restricted character set as indicated.
(textcomp)             Family '?' is the default used for unknown fonts.
(textcomp)             See the documentation for details.
Package textcomp Info: Setting ? sub-encoding to TS1/1 on input line 79.
("C:\Program Files\MiKTeX 2.9\tex\latex\base\ts1enc.def"
File: ts1enc.def 2001/06/05 v3.0e (jk/car/fm) Standard LaTeX file
LaTeX Font Info:    Redeclaring font encoding TS1 on input line 47.
)
LaTeX Info: Redefining \oldstylenums on input line 334.
Package textcomp Info: Setting cmr sub-encoding to TS1/0 on input line 349.
Package textcomp Info: Setting cmss sub-encoding to TS1/0 on input line 350.
Package textcomp Info: Setting cmtt sub-encoding to TS1/0 on input line 351.
Package textcomp Info: Setting cmvtt sub-encoding to TS1/0 on input line 352.
Package textcomp Info: Setting cmbr sub-encoding to TS1/0 on input line 353.
Package textcomp Info: Setting cmtl sub-encoding to TS1/0 on input line 354.
Package textcomp Info: Setting ccr sub-encoding to TS1/0 on input line 355.
Package textcomp Info: Setting ptm sub-encoding to TS1/4 on input line 356.
Package textcomp Info: Setting pcr sub-encoding to TS1/4 on input line 357.
Package textcomp Info: Setting phv sub-encoding to TS1/4 on input line 358.
Package textcomp Info: Setting ppl sub-encoding to TS1/3 on input line 359.
Package textcomp Info: Setting pag sub-encoding to TS1/4 on input line 360.
Package textcomp Info: Setting pbk sub-encoding to TS1/4 on input line 361.
Package textcomp Info: Setting pnc sub-encoding to TS1/4 on input line 362.
Package textcomp Info: Setting pzc sub-encoding to TS1/4 on input line 363.
Package textcomp Info: Setting bch sub-encoding to TS1/4 on input line 364.
Package textcomp Info: Setting put sub-encoding to TS1/5 on input line 365.
Package textcomp Info: Setting uag sub-encoding to TS1/5 on input line 366.
Package textcomp Info: Setting ugq sub-encoding to TS1/5 on input line 367.
Package textcomp Info: Setting ul8 sub-encoding to TS1/4 on input line 368.
Package textcomp Info: Setting ul9 sub-encoding to TS1/4 on input line 369.
Package textcomp Info: Setting augie sub-encoding to TS1/5 on input line 370.
Package textcomp Info: Setting dayrom sub-encoding to TS1/3 on input line 371.
Package textcomp Info: Setting dayroms sub-encoding to TS1/3 on input line 372.

Package textcomp Info: Setting pxr sub-encoding to TS1/0 on input line 373.
Package textcomp Info: Setting pxss sub-encoding to TS1/0 on input line 374.
Package textcomp Info: Setting pxtt sub-encoding to TS1/0 on input line 375.
Package textcomp Info: Setting txr sub-encoding to TS1/0 on input line 376.
Package textcomp Info: Setting txss sub-encoding to TS1/0 on input line 377.
Package textcomp Info: Setting txtt sub-encoding to TS1/0 on input line 378.
Package textcomp Info: Setting lmr sub-encoding to TS1/0 on input line 379.
Package textcomp Info: Setting lmdh sub-encoding to TS1/0 on input line 380.
Package textcomp Info: Setting lmss sub-encoding to TS1/0 on input line 381.
Package textcomp Info: Setting lmssq sub-encoding to TS1/0 on input line 382.
Package textcomp Info: Setting lmvtt sub-encoding to TS1/0 on input line 383.
Package textcomp Info: Setting lmtt sub-encoding to TS1/0 on input line 384.
Package textcomp Info: Setting qhv sub-encoding to TS1/0 on input line 385.
Package textcomp Info: Setting qag sub-encoding to TS1/0 on input line 386.
Package textcomp Info: Setting qbk sub-encoding to TS1/0 on input line 387.
Package textcomp Info: Setting qcr sub-encoding to TS1/0 on input line 388.
Package textcomp Info: Setting qcs sub-encoding to TS1/0 on input line 389.
Package textcomp Info: Setting qpl sub-encoding to TS1/0 on input line 390.
Package textcomp Info: Setting qtm sub-encoding to TS1/0 on input line 391.
Package textcomp Info: Setting qzc sub-encoding to TS1/0 on input line 392.
Package textcomp Info: Setting qhvc sub-encoding to TS1/0 on input line 393.
Package textcomp Info: Setting futs sub-encoding to TS1/4 on input line 394.
Package textcomp Info: Setting futx sub-encoding to TS1/4 on input line 395.
Package textcomp Info: Setting futj sub-encoding to TS1/4 on input line 396.
Package textcomp Info: Setting hlh sub-encoding to TS1/3 on input line 397.
Package textcomp Info: Setting hls sub-encoding to TS1/3 on input line 398.
Package textcomp Info: Setting hlst sub-encoding to TS1/3 on input line 399.
Package textcomp Info: Setting hlct sub-encoding to TS1/5 on input line 400.
Package textcomp Info: Setting hlx sub-encoding to TS1/5 on input line 401.
Package textcomp Info: Setting hlce sub-encoding to TS1/5 on input line 402.
Package textcomp Info: Setting hlcn sub-encoding to TS1/5 on input line 403.
Package textcomp Info: Setting hlcw sub-encoding to TS1/5 on input line 404.
Package textcomp Info: Setting hlcf sub-encoding to TS1/5 on input line 405.
Package textcomp Info: Setting pplx sub-encoding to TS1/3 on input line 406.
Package textcomp Info: Setting pplj sub-encoding to TS1/3 on input line 407.
Package textcomp Info: Setting ptmx sub-encoding to TS1/4 on input line 408.
Package textcomp Info: Setting ptmj sub-encoding to TS1/4 on input line 409.
))
(C:\Users\ariane.mirabel\AppData\Roaming\MiKTeX\2.9\tex\latex\microtype\microty
pe.sty
Package: microtype 2018/01/14 v2.7a Micro-typographical refinements (RS)
("C:\Program Files\MiKTeX 2.9\tex\latex\graphics\keyval.sty"
Package: keyval 2014/10/28 v1.15 key=value parser (DPC)
\KV@toks@=\toks28
)
\MT@toks=\toks29
\MT@count=\count317
LaTeX Info: Redefining \textls on input line 793.
\MT@outer@kern=\dimen191
LaTeX Info: Redefining \textmicrotypecontext on input line 1339.
\MT@listname@count=\count318

(C:\Users\ariane.mirabel\AppData\Roaming\MiKTeX\2.9\tex\latex\microtype\microty
pe-xetex.def
File: microtype-xetex.def 2018/01/14 v2.7a Definitions specific to xetex (RS)
LaTeX Info: Redefining \lsstyle on input line 256.
)
Package microtype Info: Loading configuration file microtype.cfg.

(C:\Users\ariane.mirabel\AppData\Roaming\MiKTeX\2.9\tex\latex\microtype\microty
pe.cfg
File: microtype.cfg 2018/01/14 v2.7a microtype main configuration file (RS)
))
(C:\Users\ariane.mirabel\AppData\Roaming\MiKTeX\2.9\tex\latex\xcolor\xcolor.sty
Package: xcolor 2016/05/11 v2.12 LaTeX color extensions (UK)
("C:\Program Files\MiKTeX 2.9\tex\latex\graphics-cfg\color.cfg"
File: color.cfg 2016/01/02 v1.6 sample color configuration
)
Package xcolor Info: Driver file: xetex.def on input line 225.
("C:\Program Files\MiKTeX 2.9\tex\latex\graphics-def\xetex.def"
File: xetex.def 2017/06/24 v5.0h Graphics/color driver for xetex
)
Package xcolor Info: Model `cmy' substituted by `cmy0' on input line 1348.
Package xcolor Info: Model `RGB' extended on input line 1364.
Package xcolor Info: Model `HTML' substituted by `rgb' on input line 1366.
Package xcolor Info: Model `Hsb' substituted by `hsb' on input line 1367.
Package xcolor Info: Model `tHsb' substituted by `hsb' on input line 1368.
Package xcolor Info: Model `HSB' substituted by `hsb' on input line 1369.
Package xcolor Info: Model `Gray' substituted by `gray' on input line 1370.
Package xcolor Info: Model `wave' substituted by `hsb' on input line 1371.
("C:\Program Files\MiKTeX 2.9\tex\latex\graphics\dvipsnam.def"
File: dvipsnam.def 2016/06/17 v3.0m Driver-dependent file (DPC,SPQR)
)
(C:\Users\ariane.mirabel\AppData\Roaming\MiKTeX\2.9\tex\latex\xcolor\svgnam.def
File: svgnam.def 2016/05/11 v2.12 Predefined colors according to SVG 1.1 (UK)
)
(C:\Users\ariane.mirabel\AppData\Roaming\MiKTeX\2.9\tex\latex\xcolor\x11nam.def
File: x11nam.def 2016/05/11 v2.12 Predefined colors according to Unix/X11 (UK)
)) ("C:\Program Files\MiKTeX 2.9\tex\latex\hyperref\hyperref.sty"
Package: hyperref 2018/02/06 v6.86b Hypertext links for LaTeX
("C:\Program Files\MiKTeX 2.9\tex\generic\oberdiek\hobsub-hyperref.sty"
Package: hobsub-hyperref 2016/05/16 v1.14 Bundle oberdiek, subset hyperref (HO)

("C:\Program Files\MiKTeX 2.9\tex\generic\oberdiek\hobsub-generic.sty"
Package: hobsub-generic 2016/05/16 v1.14 Bundle oberdiek, subset generic (HO)
Package: hobsub 2016/05/16 v1.14 Construct package bundles (HO)
Package: infwarerr 2016/05/16 v1.4 Providing info/warning/error messages (HO)
Package: ltxcmds 2016/05/16 v1.23 LaTeX kernel commands for general use (HO)
Package hobsub Info: Skipping package `ifluatex' (already loaded).
Package: ifvtex 2016/05/16 v1.6 Detect VTeX and its facilities (HO)
Package ifvtex Info: VTeX not detected.
Package: intcalc 2016/05/16 v1.2 Expandable calculations with integers (HO)
Package hobsub Info: Skipping package `ifpdf' (already loaded).
Package: etexcmds 2016/05/16 v1.6 Avoid name clashes with e-TeX commands (HO)
Package etexcmds Info: Could not find \expanded.
(etexcmds)             That can mean that you are not using pdfTeX 1.50 or
(etexcmds)             that some package has redefined \expanded.
(etexcmds)             In the latter case, load this package earlier.
Package: kvsetkeys 2016/05/16 v1.17 Key value parser (HO)
Package: kvdefinekeys 2016/05/16 v1.4 Define keys (HO)
Package: pdftexcmds 2018/01/30 v0.27 Utility functions of pdfTeX for LuaTeX (HO
)
Package pdftexcmds Info: LuaTeX not detected.
Package pdftexcmds Info: pdfTeX >= 1.30 not detected.
Package pdftexcmds Info: \pdf@primitive is available.
Package pdftexcmds Info: \pdf@ifprimitive is available.
Package pdftexcmds Info: \pdfdraftmode not found.
Package: pdfescape 2016/05/16 v1.14 Implements pdfTeX's escape features (HO)
Package: bigintcalc 2016/05/16 v1.4 Expandable calculations on big integers (HO
)
Package: bitset 2016/05/16 v1.2 Handle bit-vector datatype (HO)
Package: uniquecounter 2016/05/16 v1.3 Provide unlimited unique counter (HO)
)
Package hobsub Info: Skipping package `hobsub' (already loaded).
Package: letltxmacro 2016/05/16 v1.5 Let assignment for LaTeX macros (HO)
Package: hopatch 2016/05/16 v1.3 Wrapper for package hooks (HO)
Package: xcolor-patch 2016/05/16 xcolor patch
Package: atveryend 2016/05/16 v1.9 Hooks at the very end of document (HO)
Package atveryend Info: \enddocument detected (standard20110627).
Package: atbegshi 2016/06/09 v1.18 At begin shipout hook (HO)
Package: refcount 2016/05/16 v3.5 Data extraction from label references (HO)
Package: hycolor 2016/05/16 v1.8 Color options for hyperref/bookmark (HO)
) ("C:\Program Files\MiKTeX 2.9\tex\latex\oberdiek\auxhook.sty"
Package: auxhook 2016/05/16 v1.4 Hooks for auxiliary files (HO)
) ("C:\Program Files\MiKTeX 2.9\tex\latex\oberdiek\kvoptions.sty"
Package: kvoptions 2016/05/16 v3.12 Key value format for package options (HO)
)
\@linkdim=\dimen192
\Hy@linkcounter=\count319
\Hy@pagecounter=\count320
("C:\Program Files\MiKTeX 2.9\tex\latex\hyperref\pd1enc.def"
File: pd1enc.def 2018/02/06 v6.86b Hyperref: PDFDocEncoding definition (HO)
)
\Hy@SavedSpaceFactor=\count321
("C:\Program Files\MiKTeX 2.9\tex\latex\00miktex\hyperref.cfg"
File: hyperref.cfg 2002/06/06 v1.2 hyperref configuration of TeXLive
)
Package hyperref Info: Option `unicode' set `true' on input line 4383.
("C:\Program Files\MiKTeX 2.9\tex\latex\hyperref\puenc.def"
File: puenc.def 2018/02/06 v6.86b Hyperref: PDF Unicode definition (HO)
)
Package hyperref Info: Hyper figures OFF on input line 4509.
Package hyperref Info: Link nesting OFF on input line 4514.
Package hyperref Info: Hyper index ON on input line 4517.
Package hyperref Info: Plain pages OFF on input line 4524.
Package hyperref Info: Backreferencing OFF on input line 4529.
Package hyperref Info: Implicit mode ON; LaTeX internals redefined.
Package hyperref Info: Bookmarks ON on input line 4762.
\c@Hy@tempcnt=\count322
(C:\Users\ariane.mirabel\AppData\Roaming\MiKTeX\2.9\tex\latex\url\url.sty
\Urlmuskip=\muskip18
Package: url 2013/09/16  ver 3.4  Verb mode for urls, etc.
)
LaTeX Info: Redefining \url on input line 5115.
\XeTeXLinkMargin=\dimen193
\Fld@menulength=\count323
\Field@Width=\dimen194
\Fld@charsize=\dimen256
Package hyperref Info: Hyper figures OFF on input line 6369.
Package hyperref Info: Link nesting OFF on input line 6374.
Package hyperref Info: Hyper index ON on input line 6377.
Package hyperref Info: backreferencing OFF on input line 6384.
Package hyperref Info: Link coloring OFF on input line 6389.
Package hyperref Info: Link coloring with OCG OFF on input line 6394.
Package hyperref Info: PDF/A mode OFF on input line 6399.
LaTeX Info: Redefining \ref on input line 6439.
LaTeX Info: Redefining \pageref on input line 6443.
\Hy@abspage=\count324
\c@Item=\count325
\c@Hfootnote=\count326
)
(C:\Users\ariane.mirabel\AppData\Roaming\MiKTeX\2.9\tex\latex\memoir\memhfixc.s
ty
Package: memhfixc 2013/05/30 v1.17 nameref/hyperref package fixes for memoir cl
ass
\c@memhycontfloat=\count327
\c@Hpagenote=\count328
)
Package hyperref Info: Driver (autodetected): hxetex.
("C:\Program Files\MiKTeX 2.9\tex\latex\hyperref\hxetex.def"
File: hxetex.def 2018/02/06 v6.86b Hyperref driver for XeTeX
("C:\Program Files\MiKTeX 2.9\tex\generic\oberdiek\stringenc.sty"
Package: stringenc 2016/05/16 v1.11 Convert strings between diff. encodings (HO
)
)
\pdfm@box=\box46
\c@Hy@AnnotLevel=\count329
\HyField@AnnotCount=\count330
\Fld@listcount=\count331
\c@bookmark@seq@number=\count332
("C:\Program Files\MiKTeX 2.9\tex\latex\oberdiek\rerunfilecheck.sty"
Package: rerunfilecheck 2016/05/16 v1.8 Rerun checks for auxiliary files (HO)
Package uniquecounter Info: New unique counter `rerunfilecheck' on input line 2
82.
)
\Hy@SectionHShift=\skip194
)
Package hyperref Info: Option `colorlinks' set `true' on input line 58.
Package hyperref Info: Option `breaklinks' set `true' on input line 58.
("C:\Program Files\MiKTeX 2.9\tex\latex\tools\longtable.sty"
Package: longtable 2014/10/28 v4.11 Multi-page Table package (DPC)
\LTleft=\skip256
\LTright=\skip257
\LTpre=\skip258
\LTpost=\skip259
\LTchunksize=\count333
\LTcapwidth=\dimen257
\LT@head=\box47
\LT@firsthead=\box48
\LT@foot=\box49
\LT@lastfoot=\box50
\LT@cols=\count334
\LT@rows=\count335
\c@LT@tables=\count336
\c@LT@chunks=\count337
\LT@p@ftn=\toks30
)
(C:\Users\ariane.mirabel\AppData\Roaming\MiKTeX\2.9\tex\latex\mdwtools\footnote
.sty
Package: footnote 1997/01/28 1.13 Save footnotes around boxes
\fn@notes=\box51
\fn@width=\dimen258
) ("C:\Program Files\MiKTeX 2.9\tex\latex\graphics\graphicx.sty"
Package: graphicx 2017/06/01 v1.1a Enhanced LaTeX Graphics (DPC,SPQR)
("C:\Program Files\MiKTeX 2.9\tex\latex\graphics\graphics.sty"
Package: graphics 2017/06/25 v1.2c Standard LaTeX Graphics (DPC,SPQR)
("C:\Program Files\MiKTeX 2.9\tex\latex\graphics\trig.sty"
Package: trig 2016/01/03 v1.10 sin cos tan (DPC)
) ("C:\Program Files\MiKTeX 2.9\tex\latex\graphics-cfg\graphics.cfg"
File: graphics.cfg 2016/06/04 v1.11 sample graphics configuration
)
Package graphics Info: Driver file: xetex.def on input line 99.
)
\Gin@req@height=\dimen259
\Gin@req@width=\dimen260
) ("C:\Program Files\MiKTeX 2.9\tex\latex\oberdiek\grffile.sty"
Package: grffile 2017/06/30 v1.18 Extended file name support for graphics (HO)
Package grffile Info: Option `multidot' is set to `true'.
Package grffile Info: Option `extendedchars' is set to `false'.
Package grffile Info: Option `space' is set to `true'.
Package grffile Info: \Gin@ii of package `graphicx' fixed on input line 494.
)
(C:\Users\ariane.mirabel\AppData\Roaming\MiKTeX\2.9\tex\latex\lipsum\lipsum.sty
Package: lipsum 2014/07/27 v1.3 150 paragraphs of Lorem Ipsum dummy text
\c@lips@count=\count338
)
(C:\Users\ariane.mirabel\AppData\Roaming\MiKTeX\2.9\tex\latex\enumitem\enumitem
.sty
Package: enumitem 2011/09/28 v3.5.2 Customized lists
\labelindent=\skip260
\enit@outerparindent=\dimen261
\enit@toks=\toks31
\enit@inbox=\box52
\enitdp@description=\count339
) ("C:\Program Files\MiKTeX 2.9\tex\latex\polyglossia\polyglossia.sty"
Package: polyglossia 2018/04/07 v1.43 Alternative to Babel for XeLaTeX and LuaL
aTeX

(C:\Users\ariane.mirabel\AppData\Roaming\MiKTeX\2.9\tex\latex\etoolbox\etoolbox
.sty
Package: etoolbox 2018/02/11 v2.5e e-TeX tools for LaTeX (JAW)
\etb@tempcnta=\count340
)
(C:\Users\ariane.mirabel\AppData\Roaming\MiKTeX\2.9\tex\latex\makecmds\makecmds
.sty
Package: makecmds 2009/09/03 v1.0a extra command making commands
) ("C:\Program Files\MiKTeX 2.9\tex\latex\xkeyval\xkeyval.sty"
Package: xkeyval 2014/12/03 v2.7a package option processing (HA)
("C:\Program Files\MiKTeX 2.9\tex\generic\xkeyval\xkeyval.tex" ("C:\Program Fil
es\MiKTeX 2.9\tex\generic\xkeyval\xkvutils.tex"
\XKV@toks=\toks32
\XKV@tempa@toks=\toks33
)
\XKV@depth=\count341
File: xkeyval.tex 2014/12/03 v2.7a key=value parser (HA)
))
\xpg@normalclass=\XeTeXcharclass1
) ("C:\Program Files\MiKTeX 2.9\tex\latex\polyglossia\gloss-french.ldf"
File: gloss-french.ldf polyglossia: module for french
\french@openbrackets=\XeTeXcharclass2
\french@closebrackets=\XeTeXcharclass3
\french@punctthin=\XeTeXcharclass4
\french@punctthick=\XeTeXcharclass5
\french@punctguillstart=\XeTeXcharclass6
\french@punctguillend=\XeTeXcharclass7
)
Package polyglossia Info: Default language is french.
("C:\Program Files\MiKTeX 2.9\tex\latex\polyglossia\gloss-english.ldf"
File: gloss-english.ldf polyglossia: module for english
)
Package polyglossia Info: Option: english variant=american.

Package polyglossia Warning: gloss-english.ldf is already loaded! on input line
 113.


Package polyglossia Warning: gloss-french.ldf is already loaded! on input line 
114.


(C:\Users\ariane.mirabel\AppData\Roaming\MiKTeX\2.9\tex\latex\biblatex\biblatex
.sty
Package: biblatex 2018/03/04 v3.11 programmable bibliographies (PK/MW)

(C:\Users\ariane.mirabel\AppData\Roaming\MiKTeX\2.9\tex\latex\logreq\logreq.sty
Package: logreq 2010/08/04 v1.0 xml request logger
\lrq@indent=\count342

(C:\Users\ariane.mirabel\AppData\Roaming\MiKTeX\2.9\tex\latex\logreq\logreq.def
File: logreq.def 2010/08/04 v1.0 logreq spec v1.0
)) ("C:\Program Files\MiKTeX 2.9\tex\latex\base\ifthen.sty"
Package: ifthen 2014/09/29 v1.1c Standard LaTeX ifthen package (DPC)
)
(C:\Users\ariane.mirabel\AppData\Roaming\MiKTeX\2.9\tex\latex\xstring\xstring.s
ty
(C:\Users\ariane.mirabel\AppData\Roaming\MiKTeX\2.9\tex\generic\xstring\xstring
.tex
\@xs@message=\write4
\integerpart=\count343
\decimalpart=\count344
)
Package: xstring 2013/10/13  v1.7c  String manipulations (C Tellechea)
)
\c@tabx@nest=\count345
\c@listtotal=\count346
\c@listcount=\count347
\c@liststart=\count348
\c@liststop=\count349
\c@citecount=\count350
\c@citetotal=\count351
\c@multicitecount=\count352
\c@multicitetotal=\count353
\c@instcount=\count354
\c@maxnames=\count355
\c@minnames=\count356
\c@maxitems=\count357
\c@minitems=\count358
\c@citecounter=\count359
\c@savedcitecounter=\count360
\c@uniquelist=\count361
\c@uniquename=\count362
\c@refsection=\count363
\c@refsegment=\count364
\c@maxextratitle=\count365
\c@maxextratitleyear=\count366
\c@maxextradate=\count367
\c@maxextraalpha=\count368
\c@abbrvpenalty=\count369
\c@highnamepenalty=\count370
\c@lownamepenalty=\count371
\c@maxparens=\count372
\c@parenlevel=\count373
\blx@tempcnta=\count374
\blx@tempcntb=\count375
\blx@tempcntc=\count376
\blx@maxsection=\count377
\blx@maxsegment@0=\count378
\blx@notetype=\count379
\blx@parenlevel@text=\count380
\blx@parenlevel@foot=\count381
\blx@sectionciteorder@0=\count382
\labelnumberwidth=\skip261
\labelalphawidth=\skip262
\biblabelsep=\skip263
\bibnamesep=\skip264
\bibinitsep=\skip265
\bibparsep=\skip266
\bibhang=\skip267
\blx@bcfin=\read3
\blx@bcfout=\write5
\c@mincomprange=\count383
\c@maxcomprange=\count384
\c@mincompwidth=\count385
Package biblatex Info: Trying to load biblatex default data model...
Package biblatex Info: ... file 'blx-dm.def' found.

(C:\Users\ariane.mirabel\AppData\Roaming\MiKTeX\2.9\tex\latex\biblatex\blx-dm.d
ef
File: blx-dm.def 2018/03/04 v3.11 biblatex localization (PK/MW)
)
Package biblatex Info: Trying to load biblatex style data model...
Package biblatex Info: ... file 'authoryear-ibid.dbx' not found.
Package biblatex Info: Trying to load biblatex custom data model...
Package biblatex Info: ... file 'biblatex-dm.cfg' not found.
\c@afterword=\count386
\c@savedafterword=\count387
\c@annotator=\count388
\c@savedannotator=\count389
\c@author=\count390
\c@savedauthor=\count391
\c@bookauthor=\count392
\c@savedbookauthor=\count393
\c@commentator=\count394
\c@savedcommentator=\count395
\c@editor=\count396
\c@savededitor=\count397
\c@editora=\count398
\c@savededitora=\count399
\c@editorb=\count400
\c@savededitorb=\count401
\c@editorc=\count402
\c@savededitorc=\count403
\c@foreword=\count404
\c@savedforeword=\count405
\c@holder=\count406
\c@savedholder=\count407
\c@introduction=\count408
\c@savedintroduction=\count409
\c@namea=\count410
\c@savednamea=\count411
\c@nameb=\count412
\c@savednameb=\count413
\c@namec=\count414
\c@savednamec=\count415
\c@translator=\count416
\c@savedtranslator=\count417
\c@shortauthor=\count418
\c@savedshortauthor=\count419
\c@shorteditor=\count420
\c@savedshorteditor=\count421
\c@labelname=\count422
\c@savedlabelname=\count423
\c@institution=\count424
\c@savedinstitution=\count425
\c@lista=\count426
\c@savedlista=\count427
\c@listb=\count428
\c@savedlistb=\count429
\c@listc=\count430
\c@savedlistc=\count431
\c@listd=\count432
\c@savedlistd=\count433
\c@liste=\count434
\c@savedliste=\count435
\c@listf=\count436
\c@savedlistf=\count437
\c@location=\count438
\c@savedlocation=\count439
\c@organization=\count440
\c@savedorganization=\count441
\c@origlocation=\count442
\c@savedoriglocation=\count443
\c@origpublisher=\count444
\c@savedorigpublisher=\count445
\c@publisher=\count446
\c@savedpublisher=\count447
\c@language=\count448
\c@savedlanguage=\count449
\c@origlanguage=\count450
\c@savedoriglanguage=\count451
\c@pageref=\count452
\c@savedpageref=\count453
\shorthandwidth=\skip268
\shortjournalwidth=\skip269
\shortserieswidth=\skip270
\shorttitlewidth=\skip271
\shortauthorwidth=\skip272
\shorteditorwidth=\skip273
\locallabelnumberwidth=\skip274
\locallabelalphawidth=\skip275
\localshorthandwidth=\skip276
\localshortjournalwidth=\skip277
\localshortserieswidth=\skip278
\localshorttitlewidth=\skip279
\localshortauthorwidth=\skip280
\localshorteditorwidth=\skip281
Package biblatex Info: Trying to load enhanced support for Unicode engines...
Package biblatex Info: ... file 'blx-unicode.def' found.

(C:\Users\ariane.mirabel\AppData\Roaming\MiKTeX\2.9\tex\latex\biblatex\blx-unic
ode.def)
Package biblatex Info: Trying to load compatibility code...
Package biblatex Info: ... file 'blx-compat.def' found.

(C:\Users\ariane.mirabel\AppData\Roaming\MiKTeX\2.9\tex\latex\biblatex\blx-comp
at.def
File: blx-compat.def 2018/03/04 v3.11 biblatex compatibility (PK/MW)
)
Package biblatex Info: Trying to load BibTeX backend compatibility...
Package biblatex Info: ... file 'blx-bibtex.def' found.

(C:\Users\ariane.mirabel\AppData\Roaming\MiKTeX\2.9\tex\latex\biblatex\blx-bibt
ex.def
File: blx-bibtex.def 2018/03/04 v3.11 biblatex compatibility (PK/MW)

Package biblatex Warning: Using fall-back BibTeX(8) backend:
(biblatex)                functionality may be reduced/unavailable.

)
Package biblatex Info: Trying to load generic definitions...
Package biblatex Info: ... file 'biblatex.def' found.

(C:\Users\ariane.mirabel\AppData\Roaming\MiKTeX\2.9\tex\latex\biblatex\biblatex
.def
File: biblatex.def 2018/03/04 v3.11 biblatex compatibility (PK/MW)
\c@textcitecount=\count454
\c@textcitetotal=\count455
\c@textcitemaxnames=\count456
\c@biburlnumpenalty=\count457
\c@biburlucpenalty=\count458
\c@biburllcpenalty=\count459
\c@smartand=\count460
)
Package biblatex Info: Trying to load bibliography style 'authoryear-ibid'...
Package biblatex Info: ... file 'authoryear-ibid.bbx' found.

(C:\Users\ariane.mirabel\AppData\Roaming\MiKTeX\2.9\tex\latex\biblatex\bbx\auth
oryear-ibid.bbx
File: authoryear-ibid.bbx 2018/03/04 v3.11 biblatex bibliography style (PK/MW)
Package biblatex Info: Trying to load bibliography style 'authoryear'...
Package biblatex Info: ... file 'authoryear.bbx' found.

(C:\Users\ariane.mirabel\AppData\Roaming\MiKTeX\2.9\tex\latex\biblatex\bbx\auth
oryear.bbx
File: authoryear.bbx 2018/03/04 v3.11 biblatex bibliography style (PK/MW)
Package biblatex Info: Trying to load bibliography style 'standard'...
Package biblatex Info: ... file 'standard.bbx' found.

(C:\Users\ariane.mirabel\AppData\Roaming\MiKTeX\2.9\tex\latex\biblatex\bbx\stan
dard.bbx
File: standard.bbx 2018/03/04 v3.11 biblatex bibliography style (PK/MW)
\c@bbx:relatedcount=\count461
\c@bbx:relatedtotal=\count462
)))
Package biblatex Info: Trying to load citation style 'verbose-inote'...
Package biblatex Info: ... file 'verbose-inote.cbx' found.

(C:\Users\ariane.mirabel\AppData\Roaming\MiKTeX\2.9\tex\latex\biblatex\cbx\verb
ose-inote.cbx
File: verbose-inote.cbx 2018/03/04 v3.11 biblatex citation style (PK/MW)
Package biblatex Info: Redefining '\cite'.
Package biblatex Info: Redefining '\parencite'.
Package biblatex Info: Redefining '\footcite'.
Package biblatex Info: Redefining '\footcitetext'.
Package biblatex Info: Redefining '\smartcite'.
Package biblatex Info: Redefining '\textcite'.
Package biblatex Info: Redefining '\textcites'.
)
Package biblatex Info: Trying to load configuration file...
Package biblatex Info: ... file 'biblatex.cfg' found.

(C:\Users\ariane.mirabel\AppData\Roaming\MiKTeX\2.9\tex\latex\biblatex\biblatex
.cfg
File: biblatex.cfg 
)) (latex/BookTemplate.sty
(C:\Users\ariane.mirabel\AppData\Roaming\MiKTeX\2.9\tex\latex\textpos\textpos.s
ty
Package: textpos 2016/06/07 v1.8
Package: textpos 2016/06/07 1.8, absolute positioning of text on the page
(C:\Users\ariane.mirabel\AppData\Roaming\MiKTeX\2.9\tex\latex\ms\everyshi.sty
Package: everyshi 2001/05/15 v3.00 EveryShipout Package (MS)
)
\TP@textbox=\box53
\TP@holdbox=\box54
\TPHorizModule=\dimen262
\TPVertModule=\dimen263
\TP@margin=\dimen264
\TP@absmargin=\dimen265
Grid set 16 x 16 = 38.39343pt x 49.68562pt
\TPboxrulesize=\dimen266
\TP@ox=\dimen267
\TP@oy=\dimen268
\TP@tbargs=\toks34
\TP@prevdepth=\dimen269
TextBlockOrigin set to 0pt x 0pt
) ("C:\Program Files\MiKTeX 2.9\tex\latex\tools\calc.sty"
Package: calc 2017/05/25 v4.3 Infix arithmetic (KKT,FJ)
\calc@Acount=\count463
\calc@Bcount=\count464
\calc@Adimen=\dimen270
\calc@Bdimen=\dimen271
\calc@Askip=\skip282
\calc@Bskip=\skip283
LaTeX Info: Redefining \setlength on input line 80.
LaTeX Info: Redefining \addtolength on input line 81.
\calc@Ccount=\count465
\calc@Cskip=\skip284
)
\widthw=\skip285
\rf=\skip286

(C:\Users\ariane.mirabel\AppData\Roaming\MiKTeX\2.9\tex\latex\sidecap\sidecap.s
ty
Package: sidecap 2003/06/06 v1.6f SideCap Package (RN/HjG)
\SC@BOXWD=\dimen272
\SC@CAPWD=\dimen273
\SC@tempdima=\dimen274
\SC@tempdimb=\dimen275
\c@SC@C=\count466
\SC@BOX=\box55
)
(C:\Users\ariane.mirabel\AppData\Roaming\MiKTeX\2.9\tex\latex\csquotes\csquotes
.sty
Package: csquotes 2018/04/13 v5.2d context-sensitive quotations (JAW)
\csq@reset=\count467
\csq@gtype=\count468
\csq@glevel=\count469
\csq@qlevel=\count470
\csq@maxlvl=\count471
\csq@tshold=\count472
\csq@ltx@everypar=\toks35

(C:\Users\ariane.mirabel\AppData\Roaming\MiKTeX\2.9\tex\latex\csquotes\csquotes
.def
File: csquotes.def 2018/04/13 v5.2d csquotes generic definitions (JAW)
)
Package csquotes Info: Trying to load configuration file 'csquotes.cfg'...
Package csquotes Info: ... configuration file loaded successfully.

(C:\Users\ariane.mirabel\AppData\Roaming\MiKTeX\2.9\tex\latex\csquotes\csquotes
.cfg
File: csquotes.cfg 
)
Package csquotes Info: Enabling strict warnings.
Package csquotes Info: Enabling multilingual quotes.
)) (latex/pdgUniv.sty

LaTeX Warning: You have requested package `latex/pdgUniv',
               but the package provides `pdgUniv'.

Package: pdgUniv 2017/05/20 Page de Garde de thse de doctorat et mmoire d'HDR


(C:\Users\ariane.mirabel\AppData\Roaming\MiKTeX\2.9\tex\latex\eso-pic\eso-pic.s
ty
Package: eso-pic 2018/04/12 v2.0h eso-pic (RN)
)
(C:\Users\ariane.mirabel\AppData\Roaming\MiKTeX\2.9\tex\latex\pgf\utilities\pgf
for.sty
(C:\Users\ariane.mirabel\AppData\Roaming\MiKTeX\2.9\tex\latex\pgf\utilities\pgf
rcs.sty
(C:\Users\ariane.mirabel\AppData\Roaming\MiKTeX\2.9\tex\generic\pgf\utilities\p
gfutil-common.tex
\pgfutil@everybye=\toks36
\pgfutil@tempdima=\dimen276
\pgfutil@tempdimb=\dimen277

(C:\Users\ariane.mirabel\AppData\Roaming\MiKTeX\2.9\tex\generic\pgf\utilities\p
gfutil-common-lists.tex))
(C:\Users\ariane.mirabel\AppData\Roaming\MiKTeX\2.9\tex\generic\pgf\utilities\p
gfutil-latex.def
\pgfutil@abb=\box56
)
(C:\Users\ariane.mirabel\AppData\Roaming\MiKTeX\2.9\tex\generic\pgf\utilities\p
gfrcs.code.tex
Package: pgfrcs 2015/08/07 v3.0.1a (rcs-revision 1.31)
))
(C:\Users\ariane.mirabel\AppData\Roaming\MiKTeX\2.9\tex\latex\pgf\utilities\pgf
keys.sty
(C:\Users\ariane.mirabel\AppData\Roaming\MiKTeX\2.9\tex\generic\pgf\utilities\p
gfkeys.code.tex
\pgfkeys@pathtoks=\toks37
\pgfkeys@temptoks=\toks38

(C:\Users\ariane.mirabel\AppData\Roaming\MiKTeX\2.9\tex\generic\pgf\utilities\p
gfkeysfiltered.code.tex
\pgfkeys@tmptoks=\toks39
)))
(C:\Users\ariane.mirabel\AppData\Roaming\MiKTeX\2.9\tex\latex\pgf\math\pgfmath.
sty
(C:\Users\ariane.mirabel\AppData\Roaming\MiKTeX\2.9\tex\generic\pgf\math\pgfmat
h.code.tex
(C:\Users\ariane.mirabel\AppData\Roaming\MiKTeX\2.9\tex\generic\pgf\math\pgfmat
hcalc.code.tex
(C:\Users\ariane.mirabel\AppData\Roaming\MiKTeX\2.9\tex\generic\pgf\math\pgfmat
hutil.code.tex
\pgf@x=\dimen278
\pgf@xa=\dimen279
\pgf@xb=\dimen280
\pgf@xc=\dimen281
\pgf@y=\dimen282
\pgf@ya=\dimen283
\pgf@yb=\dimen284
\pgf@yc=\dimen285
\c@pgf@counta=\count473
\c@pgf@countb=\count474
\c@pgf@countc=\count475
\c@pgf@countd=\count476
)
(C:\Users\ariane.mirabel\AppData\Roaming\MiKTeX\2.9\tex\generic\pgf\math\pgfmat
hparser.code.tex
\pgfmath@dimen=\dimen286
\pgfmath@count=\count477
\pgfmath@box=\box57
\pgfmath@toks=\toks40
\pgfmath@stack@operand=\toks41
\pgfmath@stack@operation=\toks42
)
(C:\Users\ariane.mirabel\AppData\Roaming\MiKTeX\2.9\tex\generic\pgf\math\pgfmat
hfunctions.code.tex
(C:\Users\ariane.mirabel\AppData\Roaming\MiKTeX\2.9\tex\generic\pgf\math\pgfmat
hfunctions.basic.code.tex)
(C:\Users\ariane.mirabel\AppData\Roaming\MiKTeX\2.9\tex\generic\pgf\math\pgfmat
hfunctions.trigonometric.code.tex)
(C:\Users\ariane.mirabel\AppData\Roaming\MiKTeX\2.9\tex\generic\pgf\math\pgfmat
hfunctions.random.code.tex)
(C:\Users\ariane.mirabel\AppData\Roaming\MiKTeX\2.9\tex\generic\pgf\math\pgfmat
hfunctions.comparison.code.tex)
(C:\Users\ariane.mirabel\AppData\Roaming\MiKTeX\2.9\tex\generic\pgf\math\pgfmat
hfunctions.base.code.tex)
(C:\Users\ariane.mirabel\AppData\Roaming\MiKTeX\2.9\tex\generic\pgf\math\pgfmat
hfunctions.round.code.tex)
(C:\Users\ariane.mirabel\AppData\Roaming\MiKTeX\2.9\tex\generic\pgf\math\pgfmat
hfunctions.misc.code.tex)
(C:\Users\ariane.mirabel\AppData\Roaming\MiKTeX\2.9\tex\generic\pgf\math\pgfmat
hfunctions.integerarithmetics.code.tex)))
(C:\Users\ariane.mirabel\AppData\Roaming\MiKTeX\2.9\tex\generic\pgf\math\pgfmat
hfloat.code.tex
\c@pgfmathroundto@lastzeros=\count478
)))
(C:\Users\ariane.mirabel\AppData\Roaming\MiKTeX\2.9\tex\generic\pgf\utilities\p
gffor.code.tex
Package: pgffor 2013/12/13 v3.0.1a (rcs-revision 1.25)

(C:\Users\ariane.mirabel\AppData\Roaming\MiKTeX\2.9\tex\generic\pgf\math\pgfmat
h.code.tex)
\pgffor@iter=\dimen287
\pgffor@skip=\dimen288
\pgffor@stack=\toks43
\pgffor@toks=\toks44
)) ("C:\Program Files\MiKTeX 2.9\tex\latex\geometry\geometry.sty"
Package: geometry 2018/04/16 v5.8 Page Geometry
\Gm@cnth=\count479
\Gm@cntv=\count480
\c@Gm@tempcnt=\count481
\Gm@bindingoffset=\dimen289
\Gm@wd@mp=\dimen290
\Gm@odd@mp=\dimen291
\Gm@even@mp=\dimen292
\Gm@layoutwidth=\dimen293
\Gm@layoutheight=\dimen294
\Gm@layouthoffset=\dimen295
\Gm@layoutvoffset=\dimen296
\Gm@dimlist=\toks45
("C:\Program Files\MiKTeX 2.9\tex\xelatex\xetexconfig\geometry.cfg"))
\RuleWidth=\skip287
\@pdgLogoUnivSize=\skip288
\@pdgLabUnivSize=\skip289
\@pdgMargeSize=\skip290
\@pdgInnerBoxWidth=\skip291
\@pdgInnerBoxHeight=\skip292
)
Package biblatex Info: Trying to load language 'french'...
Package biblatex Info: ... file 'french.lbx' found.

(C:\Users\ariane.mirabel\AppData\Roaming\MiKTeX\2.9\tex\latex\biblatex\lbx\fren
ch.lbx
File: french.lbx 2018/03/04 v3.11 biblatex localization (PK/MW)
)
Package biblatex Info: Trying to load language 'english'...
Package biblatex Info: ... file 'english.lbx' found.

(C:\Users\ariane.mirabel\AppData\Roaming\MiKTeX\2.9\tex\latex\biblatex\lbx\engl
ish.lbx
File: english.lbx 2018/03/04 v3.11 biblatex localization (PK/MW)
)
Package csquotes Info: Checking for multilingual support...
Package csquotes Info: ... found 'polyglossia' package.

LaTeX Warning: Unused global option(s):
    [A4paper].

(Manuscript.aux)
\openout1 = `Manuscript.aux'.

LaTeX Font Info:    Checking defaults for OML/cmm/m/it on input line 224.
LaTeX Font Info:    ... okay on input line 224.
LaTeX Font Info:    Checking defaults for T1/cmr/m/n on input line 224.
LaTeX Font Info:    ... okay on input line 224.
LaTeX Font Info:    Checking defaults for OT1/cmr/m/n on input line 224.
LaTeX Font Info:    ... okay on input line 224.
LaTeX Font Info:    Checking defaults for OMS/cmsy/m/n on input line 224.
LaTeX Font Info:    ... okay on input line 224.
LaTeX Font Info:    Checking defaults for TU/lmr/m/n on input line 224.
LaTeX Font Info:    ... okay on input line 224.
LaTeX Font Info:    Checking defaults for OMX/cmex/m/n on input line 224.
LaTeX Font Info:    ... okay on input line 224.
LaTeX Font Info:    Checking defaults for U/cmr/m/n on input line 224.
LaTeX Font Info:    ... okay on input line 224.
LaTeX Font Info:    Checking defaults for TS1/cmr/m/n on input line 224.
LaTeX Font Info:    ... okay on input line 224.
LaTeX Font Info:    Checking defaults for PD1/pdf/m/n on input line 224.
LaTeX Font Info:    ... okay on input line 224.
LaTeX Font Info:    Checking defaults for PU/pdf/m/n on input line 224.
LaTeX Font Info:    ... okay on input line 224.
LaTeX Font Info:    Overwriting math alphabet `\mathrm' in version `normal'
(Font)                  OT1/lmr/m/n --> TU/lmr/m/n on input line 224.
LaTeX Font Info:    Overwriting math alphabet `\mathit' in version `normal'
(Font)                  OT1/lmr/m/it --> TU/lmr/m/it on input line 224.
LaTeX Font Info:    Overwriting math alphabet `\mathbf' in version `normal'
(Font)                  OT1/lmr/bx/n --> TU/lmr/bx/n on input line 224.
LaTeX Font Info:    Overwriting math alphabet `\mathsf' in version `normal'
(Font)                  OT1/lmss/m/n --> TU/lmss/m/n on input line 224.
LaTeX Font Info:    Overwriting math alphabet `\mathsf' in version `bold'
(Font)                  OT1/lmss/bx/n --> TU/lmss/bx/n on input line 224.
LaTeX Font Info:    Overwriting math alphabet `\mathtt' in version `normal'
(Font)                  OT1/lmtt/m/n --> TU/lmtt/m/n on input line 224.
LaTeX Font Info:    Overwriting math alphabet `\mathtt' in version `bold'
(Font)                  OT1/lmtt/m/n --> TU/lmtt/bx/n on input line 224.
.................................................
. fontspec info: "set-scale"
. 
. latinmodern-math scale = 1.
.................................................
\g__fontspec_family_latinmodern-math.otf_int=\count482
.................................................
. fontspec info: "set-scale"
. 
. latinmodern-math scale = 1.
.................................................
.................................................
. fontspec info: "set-scale"
. 
. latinmodern-math scale = 1.
.................................................
.................................................
. fontspec info: "defining-font"
. 
. Font family 'latinmodern-math.otf(0)' created for font
. 'latinmodern-math.otf' with options
. [Ligatures=TeX,Scale=MatchLowercase,BoldItalicFont={},ItalicFont={},Script=Ma
th,BoldFont={latinmodern-math.otf}].
.  
.  This font family consists of the following NFSS series/shapes:
.  
. - 'normal' (m/n) with NFSS spec.:
. <->s*[1]"[latinmodern-math.otf]/OT:script=math;language=DFLT;mapping=tex-text
;"
. - 'small caps'  (m/sc) with NFSS spec.: 
. - 'bold' (bx/n) with NFSS spec.:
. <->s*[1]"[latinmodern-math.otf]/OT:script=math;language=DFLT;mapping=tex-text
;"
. - 'bold small caps'  (bx/sc) with NFSS spec.: 
.................................................
LaTeX Font Info:    Font shape `TU/latinmodern-math.otf(0)/m/n' will be
(Font)              scaled to size 10.95pt on input line 224.
.................................................
. fontspec info: "set-scale"
. 
. latinmodern-math scale = 1.
.................................................
.................................................
. fontspec info: "set-scale"
. 
. latinmodern-math scale = 1.
.................................................
.................................................
. fontspec info: "set-scale"
. 
. latinmodern-math scale = 1.
.................................................
.................................................
. fontspec info: "set-scale"
. 
. latinmodern-math scale = 1.
.................................................
.................................................
. fontspec info: "set-scale"
. 
. latinmodern-math scale = 1.
.................................................
.................................................
. fontspec info: "defining-font"
. 
. Font family 'latinmodern-math.otf(1)' created for font
. 'latinmodern-math.otf' with options
. [Ligatures=TeX,Scale=MatchLowercase,BoldItalicFont={},ItalicFont={},Script=Ma
th,SizeFeatures={{Size=9.475-},{Size=7-9.475,Font=latinmodern-math.otf,Style=Ma
thScript},{Size=-7,Font=latinmodern-math.otf,Style=MathScriptScript}},BoldFont=
{latinmodern-math.otf}].
.  
.  This font family consists of the following NFSS series/shapes:
.  
. - 'normal' (m/n) with NFSS spec.:
. <9.475->s*[1]"[latinmodern-math.otf]/OT:script=math;language=DFLT;mapping=tex
-text;"<7-9.475>s*[1]"[latinmodern-math.otf]/OT:script=math;language=DFLT;+ssty
=0;mapping=tex-text;"<-7>s*[1]"[latinmodern-math.otf]/OT:script=math;language=D
FLT;+ssty=1;mapping=tex-text;"
. - 'small caps'  (m/sc) with NFSS spec.: 
. - 'bold' (bx/n) with NFSS spec.:
. <->s*[1]"[latinmodern-math.otf]/OT:script=math;language=DFLT;mapping=tex-text
;"
. - 'bold small caps'  (bx/sc) with NFSS spec.: 
.................................................
LaTeX Font Info:    Font shape `TU/latinmodern-math.otf(1)/m/n' will be
(Font)              scaled to size 10.95pt on input line 224.
LaTeX Font Info:    Encoding `OT1' has changed to `TU' for symbol font
(Font)              `operators' in the math version `normal' on input line 224.

LaTeX Font Info:    Overwriting symbol font `operators' in version `normal'
(Font)                  OT1/lmr/m/n --> TU/latinmodern-math.otf(1)/m/n on input
 line 224.
LaTeX Font Info:    Encoding `OT1' has changed to `TU' for symbol font
(Font)              `operators' in the math version `bold' on input line 224.
LaTeX Font Info:    Overwriting symbol font `operators' in version `bold'
(Font)                  OT1/lmr/bx/n --> TU/latinmodern-math.otf(1)/bx/n on inp
ut line 224.
.................................................
. fontspec info: "set-scale"
. 
. latinmodern-math scale = 1.
.................................................
.................................................
. fontspec info: "set-scale"
. 
. latinmodern-math scale = 1.
.................................................
.................................................
. fontspec info: "set-scale"
. 
. latinmodern-math scale = 1.
.................................................
.................................................
. fontspec info: "set-scale"
. 
. latinmodern-math scale = 1.
.................................................
.................................................
. fontspec info: "set-scale"
. 
. latinmodern-math scale = 1.
.................................................
.................................................
. fontspec info: "defining-font"
. 
. Font family 'latinmodern-math.otf(2)' created for font
. 'latinmodern-math.otf' with options
. [Ligatures=TeX,Scale=MatchLowercase,BoldItalicFont={},ItalicFont={},Script=Ma
th,SizeFeatures={{Size=9.475-},{Size=7-9.475,Font=latinmodern-math.otf,Style=Ma
thScript},{Size=-7,Font=latinmodern-math.otf,Style=MathScriptScript}},BoldFont=
{latinmodern-math.otf},Scale=1.00001,FontAdjustment={\fontdimen
. 8\font =7.41315pt\relax \fontdimen 9\font =4.3143pt\relax \fontdimen 10\font
. =4.8618pt\relax \fontdimen 11\font =7.5117pt\relax \fontdimen 12\font
. =3.77776pt\relax \fontdimen 13\font =3.97485pt\relax \fontdimen 14\font
. =3.97485pt\relax \fontdimen 15\font =3.16455pt\relax \fontdimen 16\font
. =2.70465pt\relax \fontdimen 17\font =2.70465pt\relax \fontdimen 18\font
. =2.7375pt\relax \fontdimen 19\font =2.19pt\relax \fontdimen 22\font
. =2.7375pt\relax \fontdimen 20\font =0pt\relax \fontdimen 21\font =0pt\relax
. }].
.  
.  This font family consists of the following NFSS series/shapes:
.  
. - 'normal' (m/n) with NFSS spec.:
. <9.475->s*[1.00001]"[latinmodern-math.otf]/OT:script=math;language=DFLT;mappi
ng=tex-text;"<7-9.475>s*[1.00001]"[latinmodern-math.otf]/OT:script=math;languag
e=DFLT;+ssty=0;mapping=tex-text;"<-7>s*[1.00001]"[latinmodern-math.otf]/OT:scri
pt=math;language=DFLT;+ssty=1;mapping=tex-text;"
. - 'small caps'  (m/sc) with NFSS spec.: 
. and font adjustment code:
. \fontdimen 8\font =7.41315pt\relax \fontdimen 9\font =4.3143pt\relax
. \fontdimen 10\font =4.8618pt\relax \fontdimen 11\font =7.5117pt\relax
. \fontdimen 12\font =3.77776pt\relax \fontdimen 13\font =3.97485pt\relax
. \fontdimen 14\font =3.97485pt\relax \fontdimen 15\font =3.16455pt\relax
. \fontdimen 16\font =2.70465pt\relax \fontdimen 17\font =2.70465pt\relax
. \fontdimen 18\font =2.7375pt\relax \fontdimen 19\font =2.19pt\relax
. \fontdimen 22\font =2.7375pt\relax \fontdimen 20\font =0pt\relax \fontdimen
. 21\font =0pt\relax 
. - 'bold' (bx/n) with NFSS spec.:
. <->s*[1.00001]"[latinmodern-math.otf]/OT:script=math;language=DFLT;mapping=te
x-text;"
. - 'bold small caps'  (bx/sc) with NFSS spec.: 
. and font adjustment code:
. \fontdimen 8\font =7.41315pt\relax \fontdimen 9\font =4.3143pt\relax
. \fontdimen 10\font =4.8618pt\relax \fontdimen 11\font =7.5117pt\relax
. \fontdimen 12\font =3.77776pt\relax \fontdimen 13\font =3.97485pt\relax
. \fontdimen 14\font =3.97485pt\relax \fontdimen 15\font =3.16455pt\relax
. \fontdimen 16\font =2.70465pt\relax \fontdimen 17\font =2.70465pt\relax
. \fontdimen 18\font =2.7375pt\relax \fontdimen 19\font =2.19pt\relax
. \fontdimen 22\font =2.7375pt\relax \fontdimen 20\font =0pt\relax \fontdimen
. 21\font =0pt\relax 
.................................................
LaTeX Font Info:    Encoding `OMS' has changed to `TU' for symbol font
(Font)              `symbols' in the math version `normal' on input line 224.
LaTeX Font Info:    Overwriting symbol font `symbols' in version `normal'
(Font)                  OMS/lmsy/m/n --> TU/latinmodern-math.otf(2)/m/n on inpu
t line 224.
LaTeX Font Info:    Encoding `OMS' has changed to `TU' for symbol font
(Font)              `symbols' in the math version `bold' on input line 224.
LaTeX Font Info:    Overwriting symbol font `symbols' in version `bold'
(Font)                  OMS/lmsy/b/n --> TU/latinmodern-math.otf(2)/bx/n on inp
ut line 224.
.................................................
. fontspec info: "set-scale"
. 
. latinmodern-math scale = 1.
.................................................
.................................................
. fontspec info: "set-scale"
. 
. latinmodern-math scale = 1.
.................................................
.................................................
. fontspec info: "set-scale"
. 
. latinmodern-math scale = 1.
.................................................
.................................................
. fontspec info: "set-scale"
. 
. latinmodern-math scale = 1.
.................................................
.................................................
. fontspec info: "set-scale"
. 
. latinmodern-math scale = 1.
.................................................
.................................................
. fontspec info: "defining-font"
. 
. Font family 'latinmodern-math.otf(3)' created for font
. 'latinmodern-math.otf' with options
. [Ligatures=TeX,Scale=MatchLowercase,BoldItalicFont={},ItalicFont={},Script=Ma
th,SizeFeatures={{Size=9.475-},{Size=7-9.475,Font=latinmodern-math.otf,Style=Ma
thScript},{Size=-7,Font=latinmodern-math.otf,Style=MathScriptScript}},BoldFont=
{latinmodern-math.otf},Scale=0.99999,FontAdjustment={\fontdimen
. 8\font =0.438pt\relax \fontdimen 9\font =2.19pt\relax \fontdimen 10\font
. =1.82864pt\relax \fontdimen 11\font =1.21545pt\relax \fontdimen 12\font
. =6.56999pt\relax \fontdimen 13\font =0pt\relax }].
.  
.  This font family consists of the following NFSS series/shapes:
.  
. - 'normal' (m/n) with NFSS spec.:
. <9.475->s*[0.99999]"[latinmodern-math.otf]/OT:script=math;language=DFLT;mappi
ng=tex-text;"<7-9.475>s*[0.99999]"[latinmodern-math.otf]/OT:script=math;languag
e=DFLT;+ssty=0;mapping=tex-text;"<-7>s*[0.99999]"[latinmodern-math.otf]/OT:scri
pt=math;language=DFLT;+ssty=1;mapping=tex-text;"
. - 'small caps'  (m/sc) with NFSS spec.: 
. and font adjustment code:
. \fontdimen 8\font =0.438pt\relax \fontdimen 9\font =2.19pt\relax \fontdimen
. 10\font =1.82864pt\relax \fontdimen 11\font =1.21545pt\relax \fontdimen
. 12\font =6.56999pt\relax \fontdimen 13\font =0pt\relax 
. - 'bold' (bx/n) with NFSS spec.:
. <->s*[0.99999]"[latinmodern-math.otf]/OT:script=math;language=DFLT;mapping=te
x-text;"
. - 'bold small caps'  (bx/sc) with NFSS spec.: 
. and font adjustment code:
. \fontdimen 8\font =0.438pt\relax \fontdimen 9\font =2.19pt\relax \fontdimen
. 10\font =1.82864pt\relax \fontdimen 11\font =1.21545pt\relax \fontdimen
. 12\font =6.56999pt\relax \fontdimen 13\font =0pt\relax 
.................................................
LaTeX Font Info:    Encoding `OMX' has changed to `TU' for symbol font
(Font)              `largesymbols' in the math version `normal' on input line 2
24.
LaTeX Font Info:    Overwriting symbol font `largesymbols' in version `normal'
(Font)                  OMX/lmex/m/n --> TU/latinmodern-math.otf(3)/m/n on inpu
t line 224.
LaTeX Font Info:    Encoding `OMX' has changed to `TU' for symbol font
(Font)              `largesymbols' in the math version `bold' on input line 224
.
LaTeX Font Info:    Overwriting symbol font `largesymbols' in version `bold'
(Font)                  OMX/lmex/m/n --> TU/latinmodern-math.otf(3)/bx/n on inp
ut line 224.
LaTeX Info: Redefining \microtypecontext on input line 224.
Package microtype Info: Character protrusion enabled (level 2).
Package microtype Info: Using protrusion set `basicmath'.
Package microtype Info: No adjustment of tracking.
Package microtype Info: No adjustment of spacing.
Package microtype Info: No adjustment of kerning.

(C:\Users\ariane.mirabel\AppData\Roaming\MiKTeX\2.9\tex\latex\microtype\mt-Lati
nModernRoman.cfg
File: mt-LatinModernRoman.cfg 2013/03/13 v1.0 microtype config. file: Latin Mod
ern Roman (RS)
)
\AtBeginShipoutBox=\box58
Package hyperref Info: Link coloring ON on input line 224.
("C:\Program Files\MiKTeX 2.9\tex\latex\hyperref\nameref.sty"
Package: nameref 2016/05/21 v2.44 Cross-referencing by name of section
("C:\Program Files\MiKTeX 2.9\tex\generic\oberdiek\gettitlestring.sty"
Package: gettitlestring 2016/05/16 v1.5 Cleanup title references (HO)
)
\c@section@level=\count483
)
Redoing nameref's sectioning
Redoing nameref's label
LaTeX Info: Redefining \nameref on input line 224.
LaTeX Info: Redefining \ref on input line 224.
LaTeX Info: Redefining \pageref on input line 224.
LaTeX Info: Redefining \nameref on input line 224.
(Manuscript.out) (Manuscript.out)
\@outlinefile=\write6
\openout6 = `Manuscript.out'.

Package biblatex Info: XeTeX detected.
(biblatex)             Assuming input encoding 'utf8'.
Package biblatex Info: Automatic encoding selection.
(biblatex)             Assuming data encoding 'utf8'.
Package biblatex Info: Input encoding 'utf8' specified.
Package biblatex Info: Data encoding 'utf8' specified.
(biblatex)             No need to reencode data.
\openout5 = `Manuscript-blx.bib'.

Package biblatex Info: Trying to load bibliographic data...
Package biblatex Info: ... file 'Manuscript.bbl' not found.
No file Manuscript.bbl.
Package biblatex Info: Reference section=0 on input line 224.
Package biblatex Info: Reference segment=0 on input line 224.
ABD: EveryShipout initializing macros (C:\Users\ariane.mirabel\AppData\Roaming\
MiKTeX\2.9\tex\latex\ms\ragged2e.sty
Package: ragged2e 2009/05/21 v2.1 ragged2e Package (MS)
(C:\Users\ariane.mirabel\AppData\Roaming\MiKTeX\2.9\tex\latex\ms\everysel.sty
Package: everysel 2011/10/28 v1.2 EverySelectfont Package (MS)
ABD: EverySelectfont initializing macros
LaTeX Info: Redefining \selectfont on input line 126.
)
\CenteringLeftskip=\skip293
\RaggedLeftLeftskip=\skip294
\RaggedRightLeftskip=\skip295
\CenteringRightskip=\skip296
\RaggedLeftRightskip=\skip297
\RaggedRightRightskip=\skip298
\CenteringParfillskip=\skip299
\RaggedLeftParfillskip=\skip300
\RaggedRightParfillskip=\skip301
\JustifyingParfillskip=\skip302
\CenteringParindent=\skip303
\RaggedLeftParindent=\skip304
\RaggedRightParindent=\skip305
\JustifyingParindent=\skip306
)
*geometry* detected driver: pdftex
*geometry* verbose mode - [ preamble ] result:
* driver: pdftex
* paper: <default>
* layout: <same size as paper>
* layoutoffset:(h,v)=(0.0pt,0.0pt)
* modes: twoside 
* h-part:(L,W,R)=(73.71613pt, 430.00462pt, 110.57425pt)
* v-part:(T,H,B)=(95.39737pt, 556.47656pt, 143.09605pt)
* \paperwidth=614.295pt
* \paperheight=794.96999pt
* \textwidth=430.00462pt
* \textheight=556.47656pt
* \oddsidemargin=1.44614pt
* \evensidemargin=38.30426pt
* \topmargin=-10.34642pt
* \headheight=13.6pt
* \headsep=19.8738pt
* \topskip=11.0pt
* \footskip=27.46295pt
* \marginparwidth=111.0pt
* \marginparsep=7.0pt
* \columnsep=10.0pt
* \skip\footins=12.0pt plus 4.0pt minus 4.0pt
* \hoffset=0.0pt
* \voffset=0.0pt
* \mag=1000
* \@twocolumnfalse
* \@twosidetrue
* \@mparswitchtrue
* \@reversemarginfalse
* (1in=72.27pt=25.4mm, 1cm=28.453pt)

*geometry* verbose mode - [ newgeometry ] result:
* driver: pdftex
* paper: <default>
* layout: <same size as paper>
* layoutoffset:(h,v)=(0.0pt,0.0pt)
* hratio: 1:1
* vratio: 1:1
* modes: twoside 
* h-part:(L,W,R)=(85.35826pt, 443.57848pt, 85.35826pt)
* v-part:(T,H,B)=(56.9055pt, 681.15898pt, 56.9055pt)
* \paperwidth=614.295pt
* \paperheight=794.96999pt
* \textwidth=443.57848pt
* \textheight=681.15898pt
* \oddsidemargin=13.08827pt
* \evensidemargin=13.08827pt
* \topmargin=-48.83829pt
* \headheight=13.6pt
* \headsep=19.8738pt
* \topskip=11.0pt
* \footskip=27.46295pt
* \marginparwidth=111.0pt
* \marginparsep=7.0pt
* \columnsep=10.0pt
* \skip\footins=12.0pt plus 4.0pt minus 4.0pt
* \hoffset=0.0pt
* \voffset=0.0pt
* \mag=1000
* \@twocolumnfalse
* \@twosidetrue
* \@mparswitchtrue
* \@reversemarginfalse
* (1in=72.27pt=25.4mm, 1cm=28.453pt)

LaTeX Font Info:    Try loading font information for TU+pbk on input line 231.
LaTeX Font Info:    No file TUpbk.fd. on input line 231.

LaTeX Font Warning: Font shape `TU/pbk/m/n' undefined
(Font)              using `TU/lmr/m/n' instead on input line 231.

LaTeX Font Info:    Try loading font information for TU+cmr on input line 231.
LaTeX Font Info:    No file TUcmr.fd. on input line 231.

LaTeX Font Warning: Font shape `TU/cmr/bx/n' undefined
(Font)              using `TU/lmr/m/n' instead on input line 231.


LaTeX Font Warning: Font shape `TU/cmr/bx/sc' undefined
(Font)              using `TU/cmr/bx/n' instead on input line 231.


(C:\Users\ariane.mirabel\AppData\Roaming\MiKTeX\2.9\tex\latex\microtype\mt-cmr.
cfg
File: mt-cmr.cfg 2013/05/19 v2.2 microtype config. file: Computer Modern Roman 
(RS)
)
LaTeX Font Info:    Font shape `TU/latinmodern-math.otf(1)/m/n' will be
(Font)              scaled to size 7.67853pt on input line 231.
LaTeX Font Info:    Font shape `TU/latinmodern-math.otf(1)/m/n' will be
(Font)              scaled to size 5.4539pt on input line 231.
LaTeX Font Info:    Try loading font information for OML+lmm on input line 231.

("C:\Program Files\MiKTeX 2.9\tex\latex\lm\omllmm.fd"
File: omllmm.fd 2009/10/30 v1.6 Font defs for Latin Modern
)
LaTeX Font Info:    Font shape `TU/latinmodern-math.otf(2)/m/n' will be
(Font)              scaled to size 10.95015pt on input line 231.
LaTeX Font Info:    Font shape `TU/latinmodern-math.otf(2)/m/n' will be
(Font)              scaled to size 7.67863pt on input line 231.
LaTeX Font Info:    Font shape `TU/latinmodern-math.otf(2)/m/n' will be
(Font)              scaled to size 5.45398pt on input line 231.
LaTeX Font Info:    Font shape `TU/latinmodern-math.otf(3)/m/n' will be
(Font)              scaled to size 10.94983pt on input line 231.
LaTeX Font Info:    Font shape `TU/latinmodern-math.otf(3)/m/n' will be
(Font)              scaled to size 7.6784pt on input line 231.
LaTeX Font Info:    Font shape `TU/latinmodern-math.otf(3)/m/n' will be
(Font)              scaled to size 5.45381pt on input line 231.
LaTeX Font Info:    Try loading font information for U+msa on input line 231.
("C:\Program Files\MiKTeX 2.9\tex\latex\amsfonts\umsa.fd"
File: umsa.fd 2013/01/14 v3.01 AMS symbols A
)
(C:\Users\ariane.mirabel\AppData\Roaming\MiKTeX\2.9\tex\latex\microtype\mt-msa.
cfg
File: mt-msa.cfg 2006/02/04 v1.1 microtype config. file: AMS symbols (a) (RS)
)
LaTeX Font Info:    Try loading font information for U+msb on input line 231.
("C:\Program Files\MiKTeX 2.9\tex\latex\amsfonts\umsb.fd"
File: umsb.fd 2013/01/14 v3.01 AMS symbols B
)
(C:\Users\ariane.mirabel\AppData\Roaming\MiKTeX\2.9\tex\latex\microtype\mt-msb.
cfg
File: mt-msb.cfg 2005/06/01 v1.0 microtype config. file: AMS symbols (b) (RS)
)
File: images/Logo-Univ.pdf Graphic file (type pdf)
<use images/Logo-Univ.pdf>
File: images/Logo-Lab.pdf Graphic file (type pdf)
<use images/Logo-Lab.pdf>
[1



] [2

]

******************************************************
Stock height and width: 794.96999pt by 614.295pt
Top and edge trims: 0pt and 0pt
Page height and width: 794.96999pt by 614.295pt
Text height and width: 623.00027pt by 325pt
Spine and edge margins: 72.26999pt and 216.81pt
Upper and lower margins: 108.405pt and 63.56471pt
Headheight and headsep: 13.6pt and 19.8738pt
Footskip: 27.46295pt
Columnsep and columnseprule: 10pt and 0pt
Marginparsep and marginparwidth: 14.45377pt and 130.08621pt
Sidecapsep and sidecapwidth: 14.45377pt and 130.08621pt
Sidebarhsep and sidebarwidth: 7pt and 111pt
Sidebarvsep and sidebartopsep: 13.6pt and 0pt
Sidebarheight: 539.9202pt
Sidefoothsep and sidefootwidth: 7pt and 111pt
Sidefootvsep and sidefootheight: 13.6pt and 539.9202pt
******************************************************

(Manuscript.toc [3

])

******************************************************
Stock height and width: 794.96999pt by 614.295pt
Top and edge trims: 0pt and 0pt
Page height and width: 794.96999pt by 614.295pt
Text height and width: 623.00027pt by 325pt
Spine and edge margins: 72.26999pt and 216.81pt
Upper and lower margins: 108.405pt and 63.56471pt
Headheight and headsep: 13.6pt and 19.8738pt
Footskip: 27.46295pt
Columnsep and columnseprule: 10pt and 0pt
Marginparsep and marginparwidth: 14.45377pt and 130.08621pt
Sidecapsep and sidecapwidth: 14.45377pt and 130.08621pt
Sidebarhsep and sidebarwidth: 7pt and 111pt
Sidebarvsep and sidebartopsep: 13.6pt and 0pt
Sidebarheight: 539.9202pt
Sidefoothsep and sidefootwidth: 7pt and 111pt
Sidefootvsep and sidefootheight: 13.6pt and 539.9202pt
******************************************************

[4]
Overfull \hbox (42.91992pt too wide) in paragraph at lines 267--267
[]\TU/lmtt/m/n/10.95 ## Warning : package []rmarkdown[] was built under R versi
on 3.5.1 
 []

[5

] [6

]

LaTeX Warning: Citation 'FRA2015' on page 1 undefined on input line 283.


LaTeX Warning: Citation 'Tilman2014' on page 1 undefined on input line 283.


LaTeX Warning: Citation 'FRA2000' on page 1 undefined on input line 293.


LaTeX Warning: Citation 'Myers2000' on page 1 undefined on input line 296.


LaTeX Warning: Citation 'Mittermeier2003' on page 1 undefined on input line 296
.


Underfull \hbox (badness 10000) in paragraph at lines 296--296
 \TU/lmr/m/n/7 3. [][];
 []


LaTeX Warning: Citation 'Malhi2008' on page 1 undefined on input line 300.


LaTeX Warning: Citation 'Isbell2017' on page 1 undefined on input line 300.


LaTeX Warning: Citation 'Pan2011' on page 1 undefined on input line 305.


LaTeX Warning: Citation 'Roy2017' on page 1 undefined on input line 305.


LaTeX Warning: Citation 'CBDdiversity2011' on page 1 undefined on input line 31
6.


LaTeX Warning: Citation 'FAO2014' on page 1 undefined on input line 316.


Underfull \hbox (badness 10000) in paragraph at lines 316--316
 \TU/lmr/m/n/7 6. [][];
 []

[1

]

LaTeX Warning: Citation 'FAO2009' on page 2 undefined on input line 320.


LaTeX Warning: Citation 'Pachauri2014' on page 2 undefined on input line 327.


LaTeX Warning: Citation 'Dirzo2003a' on page 2 undefined on input line 332.


LaTeX Warning: Citation 'Hansen2013' on page 2 undefined on input line 332.


LaTeX Warning: Citation 'Gentry1988' on page 2 undefined on input line 335.


LaTeX Warning: Citation 'FAO2011' on page 2 undefined on input line 335.


LaTeX Warning: Citation 'Asner2009' on page 2 undefined on input line 338.


LaTeX Warning: Citation 'Barlow2018' on page 2 undefined on input line 338.


LaTeX Warning: Citation 'seeBarlow2018' on page 2 undefined on input line 342.


LaTeX Warning: Citation 'Vitousek1997' on page 2 undefined on input line 350.


LaTeX Warning: Citation 'Cardinale2012' on page 2 undefined on input line 350.


Underfull \hbox (badness 10000) in paragraph at lines 350--350
 \TU/lmr/m/n/7 13. [][];
 []


LaTeX Warning: Citation 'Summit1992' on page 2 undefined on input line 358.


LaTeX Warning: Citation 'Schlaepfer2000' on page 2 undefined on input line 358.



LaTeX Warning: Citation 'Dirzo2003a' on page 2 undefined on input line 358.


LaTeX Warning: Citation 'Morales-Hidalgo2015' on page 2 undefined on input line
 358.


Underfull \hbox (badness 10000) in paragraph at lines 358--358
 \TU/lmr/m/n/7 14. [][];
 []


Underfull \hbox (badness 10000) in paragraph at lines 358--358
[]\TU/lmr/m/n/7 ; [];
 []


LaTeX Warning: Citation 'Sist2015' on page 2 undefined on input line 363.


LaTeX Warning: Citation 'Agrawal2011' on page 2 undefined on input line 370.


LaTeX Warning: Citation 'Barlow2018' on page 2 undefined on input line 370.


LaTeX Warning: Citation 'Liu2015' on page 2 undefined on input line 373.


Underfull \vbox (badness 10000) has occurred while \output is active []

[2]

LaTeX Warning: Citation 'Sist2015' on page 3 undefined on input line 381.


LaTeX Warning: Citation 'Martin2015' on page 3 undefined on input line 394.


LaTeX Warning: Citation 'Gibson2011' on page 3 undefined on input line 398.


LaTeX Warning: Citation 'Sist2015' on page 3 undefined on input line 400.


LaTeX Warning: Citation 'ITTO2005' on page 3 undefined on input line 409.

[3]

LaTeX Warning: Citation 'Guitet2017' on page 4 undefined on input line 420.


LaTeX Warning: Citation 'Jones1994' on page 4 undefined on input line 424.


LaTeX Warning: Citation 'Power1996' on page 4 undefined on input line 424.


LaTeX Warning: Citation 'Gardner2007' on page 4 undefined on input line 424.


Underfull \hbox (badness 10000) in paragraph at lines 424--424
 \TU/lmr/m/n/7 24. [][]; [];
 []


LaTeX Warning: Citation 'Begon2006' on page 4 undefined on input line 428.


LaTeX Warning: Citation 'Elmqvist2003' on page 4 undefined on input line 431.


LaTeX Warning: Citation 'Denslow2000' on page 4 undefined on input line 459.

[4]

LaTeX Warning: Citation 'Denslow1980' on page 5 undefined on input line 470.


LaTeX Warning: Citation 'Schnitzer2001' on page 5 undefined on input line 470.


LaTeX Warning: Citation 'Asner2004' on page 5 undefined on input line 470.


Underfull \hbox (badness 10000) in paragraph at lines 470--470
 \TU/lmr/m/n/7 28. [][];
 []

File: ExternalFig/Fig_AssemblyRules.jpg Graphic file (type bmp)
<ExternalFig/Fig_AssemblyRules.jpg>

LaTeX Warning: Citation 'Molino2001' on page 5 undefined on input line 491.


LaTeX Warning: Citation 'Hubbell2001' on page 5 undefined on input line 495.

[5]

LaTeX Warning: Citation 'Molino2001' on page 6 undefined on input line 504.


LaTeX Warning: Citation 'Chesson2000' on page 6 undefined on input line 513.


LaTeX Warning: Citation 'Kariuki2006a' on page 6 undefined on input line 513.


LaTeX Warning: Citation 'Berry2008a' on page 6 undefined on input line 513.


Underfull \hbox (badness 10000) in paragraph at lines 513--513
 \TU/lmr/m/n/7 32. [][];
 []


LaTeX Warning: Citation 'Hubbell2001' on page 6 undefined on input line 519.


LaTeX Warning: Citation 'Chave2004' on page 6 undefined on input line 527.


LaTeX Warning: Citation 'Loreau2005' on page 6 undefined on input line 541.


LaTeX Warning: Citation 'Purvis2000' on page 6 undefined on input line 547.


LaTeX Warning: Citation 'Loreau2005' on page 6 undefined on input line 547.

[6]

LaTeX Warning: Citation 'Podani2013' on page 7 undefined on input line 553.


LaTeX Warning: Citation 'McGill2007' on page 7 undefined on input line 580.

File: ExternalFig/SpeciesAbdDist.jpg Graphic file (type bmp)
<ExternalFig/SpeciesAbdDist.jpg>

LaTeX Warning: Citation 'Silvertown2004' on page 7 undefined on input line 599.



LaTeX Warning: Citation 'terSteege2006' on page 7 undefined on input line 599.


Underfull \hbox (badness 10000) in paragraph at lines 599--599
 \TU/lmr/m/n/7 39. [][];
 []


LaTeX Warning: Citation 'Fisher1943' on page 7 undefined on input line 607.


LaTeX Warning: Citation 'Motomura1932' on page 7 undefined on input line 607.


LaTeX Warning: Citation 'Tokeshi1993' on page 7 undefined on input line 607.


LaTeX Warning: Citation 'Magurran1988' on page 7 undefined on input line 607.


Underfull \hbox (badness 10000) in paragraph at lines 607--607
 \TU/lmr/m/n/7 40. [][];
 []


Underfull \hbox (badness 10000) in paragraph at lines 607--607
[]\TU/lmr/m/n/7 ; [];
 []

[7]

LaTeX Warning: Citation 'Grime1998' on page 8 undefined on input line 640.

[8]

LaTeX Warning: Citation 'Whittaker1965' on page 9 undefined on input line 645.


LaTeX Warning: Citation 'Magurran2004' on page 9 undefined on input line 645.


Underfull \hbox (badness 10000) in paragraph at lines 645--645
 \TU/lmr/m/n/7 42. [][];
 []

File: ExternalFig/Fig_RichnessEquitability.jpg Graphic file (type bmp)
<ExternalFig/Fig_RichnessEquitability.jpg>

LaTeX Warning: Citation 'Mendes2008' on page 9 undefined on input line 666.


LaTeX Warning: Citation 'Shannon1948' on page 9 undefined on input line 681.


LaTeX Warning: Citation 'Simpson1949' on page 9 undefined on input line 681.


LaTeX Warning: Citation 'Patil1982' on page 9 undefined on input line 681.


LaTeX Warning: Citation 'Tothmeresz1995' on page 9 undefined on input line 681.



Underfull \hbox (badness 10000) in paragraph at lines 681--681
 \TU/lmr/m/n/7 44. [][];
 []


Underfull \hbox (badness 10000) in paragraph at lines 681--681
[]\TU/lmr/m/n/7 ; [];
 []

[9]

LaTeX Warning: Citation 'Hill1973' on page 10 undefined on input line 691.


LaTeX Warning: Citation 'Good1953' on page 10 undefined on input line 707.

Missing character: There is no  in font [lmroman10-regular]:mapping=tex-text;!

LaTeX Warning: Citation 'Dauby2012' on page 10 undefined on input line 728.


LaTeX Warning: Citation 'Chao2015' on page 10 undefined on input line 731.


LaTeX Warning: Citation 'Marcon2015b' on page 10 undefined on input line 731.

[10]
File: ExternalFig/Fig_RichnessEquitabilitySimilarity.jpg Graphic file (type bmp
)
<ExternalFig/Fig_RichnessEquitabilitySimilarity.jpg>

LaTeX Warning: Citation 'Violle2007b' on page 11 undefined on input line 764.


LaTeX Warning: Citation 'Begon2006' on page 11 undefined on input line 770.


LaTeX Warning: Citation 'Scheiter2013' on page 11 undefined on input line 770.


LaTeX Warning: Citation 'Mouillot2013a' on page 11 undefined on input line 770.



LaTeX Warning: Citation 'Sakschewski2016' on page 11 undefined on input line 77
0.


Underfull \hbox (badness 2393) in paragraph at lines 770--770
 \TU/lmr/m/n/7 50. [][]; [];
 []


LaTeX Warning: Citation 'Funk2017' on page 11 undefined on input line 777.


LaTeX Warning: Citation 'McGill2006' on page 11 undefined on input line 785.


LaTeX Warning: Citation 'Kunstler2012' on page 11 undefined on input line 785.

[11]

LaTeX Warning: Citation 'Reich2014' on page 12 undefined on input line 791.


LaTeX Warning: Citation 'Chave2009' on page 12 undefined on input line 801.


LaTeX Warning: Citation 'Valverde-Barrantes2017' on page 12 undefined on input 
line 801.


Underfull \hbox (badness 10000) in paragraph at lines 801--801
 \TU/lmr/m/n/7 54. [][];
 []


LaTeX Warning: Citation 'Reich1997' on page 12 undefined on input line 806.


LaTeX Warning: Citation 'Wright2004' on page 12 undefined on input line 806.


LaTeX Warning: Citation 'Westoby1998' on page 12 undefined on input line 8